#
# A fatal error has been detected by the Java Runtime Environment:
#
#  EXCEPTION_ACCESS_VIOLATION (0xc0000005) at pc=0x00007ffc6a64e0a9, pid=4948, tid=17976
#
# JRE version: OpenJDK Runtime Environment Microsoft-8035246 (17.0.8+7) (build 17.0.8+7-LTS)
# Java VM: OpenJDK 64-Bit Server VM Microsoft-8035246 (17.0.8+7-LTS, mixed mode, sharing, tiered, compressed oops, compressed class ptrs, g1 gc, windows-amd64)
# Problematic frame:
# V  [jvm.dll+0x2be0a9]
#
# No core dump will be written. Minidumps are not enabled by default on client versions of Windows
#
# If you would like to submit a bug report, please visit:
#   https://github.com/microsoft/openjdk/issues
#

---------------  S U M M A R Y ------------

Command Line: -XX:MaxMetaspaceSize=512m --add-opens=java.base/java.util=ALL-UNNAMED --add-opens=java.base/java.lang=ALL-UNNAMED --add-opens=java.base/java.lang.invoke=ALL-UNNAMED --add-opens=java.prefs/java.util.prefs=ALL-UNNAMED --add-opens=java.base/java.nio.charset=ALL-UNNAMED --add-opens=java.base/java.net=ALL-UNNAMED --add-opens=java.base/java.util.concurrent.atomic=ALL-UNNAMED -Xmx2048m -Dfile.encoding=windows-1252 -Duser.country=US -Duser.language=en -Duser.variant -javaagent:C:\Users\WEBDEV\.gradle\wrapper\dists\gradle-8.3-all\6en3ugtfdg5xnpx44z4qbwgas\gradle-8.3\lib\agents\gradle-instrumentation-agent-8.3.jar org.gradle.launcher.daemon.bootstrap.GradleDaemon 8.3

Host: Intel(R) Core(TM) i7-5600U CPU @ 2.60GHz, 4 cores, 7G,  Windows 10 , 64 bit Build 19041 (10.0.19041.3636)
Time: Thu Dec 21 19:34:30 2023 South Africa Standard Time elapsed time: 109.890748 seconds (0d 0h 1m 49s)

---------------  T H R E A D  ---------------

Current thread (0x000001f44d8d0a90):  JavaThread "C2 CompilerThread0" daemon [_thread_in_native, id=17976, stack(0x0000007f57300000,0x0000007f57400000)]


Current CompileTask:
C2: 109890 14724   !   4       org.gradle.cache.internal.DefaultMultiProcessSafeIndexedCache::getIfPresent (25 bytes)

Stack: [0x0000007f57300000,0x0000007f57400000],  sp=0x0000007f573fb8d0,  free space=1006k
Native frames: (J=compiled Java code, j=interpreted, Vv=VM code, C=native code)
V  [jvm.dll+0x2be0a9]
V  [jvm.dll+0x21ba8b]
V  [jvm.dll+0x21944b]
V  [jvm.dll+0x1a56b6]
V  [jvm.dll+0x2291ea]
V  [jvm.dll+0x22724c]
V  [jvm.dll+0x7efd0c]
V  [jvm.dll+0x7ea13a]
V  [jvm.dll+0x67ad85]
C  [ucrtbase.dll+0x21bb2]
C  [KERNEL32.DLL+0x17344]
C  [ntdll.dll+0x526b1]


siginfo: EXCEPTION_ACCESS_VIOLATION (0xc0000005), reading address 0x0000000000000028


Register to memory mapping:

RIP=0x00007ffc6a64e0a9 jvm.dll
RAX=0x000001f472ec65a0 points into unknown readable memory: 0x0000000000000000 | 00 00 00 00 00 00 00 00
RBX=0x00000000000017a9 is an unknown value
RCX=0x0 is NULL
RDX=0x0 is NULL
RSP=0x0000007f573fb8d0 is pointing into the stack for thread: 0x000001f44d8d0a90
RBP=0x0000007f573fb940 is pointing into the stack for thread: 0x000001f44d8d0a90
RSI=0x0 is NULL
RDI=0x0000000000000048 is an unknown value
R8 =0x000000000000ffe0 is an unknown value
R9 =0x0 is NULL
R10=0x00007ffcf9b90000 VCRUNTIME140.dll
R11=0x000001f472ec65c0 points into unknown readable memory: 0x0000000000000000 | 00 00 00 00 00 00 00 00
R12=0x0000000000000050 is an unknown value
R13=0x0 is NULL
R14=0x0 is NULL
R15=0x0000007f573feaf0 is pointing into the stack for thread: 0x000001f44d8d0a90


Registers:
RAX=0x000001f472ec65a0, RBX=0x00000000000017a9, RCX=0x0000000000000000, RDX=0x0000000000000000
RSP=0x0000007f573fb8d0, RBP=0x0000007f573fb940, RSI=0x0000000000000000, RDI=0x0000000000000048
R8 =0x000000000000ffe0, R9 =0x0000000000000000, R10=0x00007ffcf9b90000, R11=0x000001f472ec65c0
R12=0x0000000000000050, R13=0x0000000000000000, R14=0x0000000000000000, R15=0x0000007f573feaf0
RIP=0x00007ffc6a64e0a9, EFLAGS=0x0000000000010202

Top of Stack: (sp=0x0000007f573fb8d0)
0x0000007f573fb8d0:   00000000000017a9 0000000000000000
0x0000007f573fb8e0:   0000007f573feaf0 00007ffc6a5b38d1
0x0000007f573fb8f0:   000001f44d8c94d0 00007ffc00002000
0x0000007f573fb900:   000001f472ec65a0 000001f400000000
0x0000007f573fb910:   0000000000000002 000001f47a833f80
0x0000007f573fb920:   0000000000000002 000001f44d8c94d0
0x0000007f573fb930:   0000000000000000 0000000000000000
0x0000007f573fb940:   000001f42fd25d80 000001f42fd25080
0x0000007f573fb950:   0000000000000048 00007ffc6acd4c08
0x0000007f573fb960:   0000007f573fba70 00007ffc6a5aba8b
0x0000007f573fb970:   0000007f573feaf0 00007ffc6acd4c08
0x0000007f573fb980:   0000007f573feaf0 0000007f573fba70
0x0000007f573fb990:   000001f400000000 00007ffc6a9ab7fb
0x0000007f573fb9a0:   0000007f0000000f 0000007f573feaf0
0x0000007f573fb9b0:   0000007f573fbb20 0000000000000000
0x0000007f573fb9c0:   000001f400000100 00007ffc6acd4c08 

Instructions: (pc=0x00007ffc6a64e0a9)
0x00007ffc6a64dfa9:   3b d0 75 0b ff c1 41 3b c9 7c dc 48 8b c2 c3 33
0x00007ffc6a64dfb9:   c0 c3 cc cc cc cc cc 48 89 5c 24 18 55 56 57 41
0x00007ffc6a64dfc9:   55 41 57 48 8b ec 48 83 ec 70 65 48 8b 04 25 58
0x00007ffc6a64dfd9:   00 00 00 48 8b f2 44 8b 05 d2 8b 90 00 4c 8b f9
0x00007ffc6a64dfe9:   4a 8b 1c c0 b8 50 00 00 00 80 3c 18 00 75 05 e8
0x00007ffc6a64dff9:   8b 6f 5d 00 b8 20 00 00 00 48 8b 04 18 48 8b 98
0x00007ffc6a64e009:   38 02 00 00 48 89 5d b0 c7 45 b8 04 00 00 00 48
0x00007ffc6a64e019:   8b 43 18 48 83 f8 df 76 18 4c 8d 05 37 a9 65 00
0x00007ffc6a64e029:   ba 20 00 00 00 48 8b cb e8 5a eb de ff 48 8b 43
0x00007ffc6a64e039:   18 48 8d 48 20 48 3b 4b 20 76 11 45 33 c0 48 8b
0x00007ffc6a64e049:   cb 41 8d 50 20 e8 fd e8 de ff eb 04 48 89 4b 18
0x00007ffc6a64e059:   44 8b 45 b8 33 d2 49 c1 e0 03 48 8b c8 48 89 45
0x00007ffc6a64e069:   c0 e8 e3 80 5d 00 45 33 ed 48 8d 4d d0 44 89 6d
0x00007ffc6a64e079:   c8 e8 01 59 56 00 41 8b 9f 40 02 00 00 41 2b 9f
0x00007ffc6a64e089:   68 02 00 00 44 89 6d f0 3b 5d b8 72 0b 8b d3 48
0x00007ffc6a64e099:   8d 4d b0 e8 6f b3 39 00 48 8b 45 c0 4c 89 2c d8
0x00007ffc6a64e0a9:   8b 7e 28 8b df c1 eb 05 3b 5d d0 72 0b 8b d3 48
0x00007ffc6a64e0b9:   8d 4d d0 e8 1f 59 56 00 48 8b 45 d8 83 e7 1f 48
0x00007ffc6a64e0c9:   8d 14 98 40 0f b6 cf 41 b8 01 00 00 00 41 d3 e0
0x00007ffc6a64e0d9:   8b 0a 8b c1 41 0b c0 89 02 41 85 c8 75 21 8b 5d
0x00007ffc6a64e0e9:   c8 8d 43 01 89 45 c8 3b 5d b8 72 0b 8b d3 48 8d
0x00007ffc6a64e0f9:   4d b0 e8 10 b3 39 00 48 8b 45 c0 48 89 34 d8 44
0x00007ffc6a64e109:   39 6d c8 0f 86 77 01 00 00 4c 89 a4 24 a0 00 00
0x00007ffc6a64e119:   00 4c 89 b4 24 a8 00 00 00 48 8b 45 c0 41 8b cd
0x00007ffc6a64e129:   48 8b 34 c8 8b 46 2c 25 ff 1f 00 00 3d 04 10 00
0x00007ffc6a64e139:   00 0f 85 a7 00 00 00 bb 01 00 00 00 39 5e 18 76
0x00007ffc6a64e149:   39 66 0f 1f 44 00 00 48 8b 46 08 8b cb 48 8b 14
0x00007ffc6a64e159:   c8 48 85 d2 74 1d 48 83 7a 10 00 74 16 80 7a 2c
0x00007ffc6a64e169:   84 74 10 e8 7f 7e ee ff 48 8b d0 49 8b cf e8 a4
0x00007ffc6a64e179:   61 f6 ff ff c3 3b 5e 18 72 cd 48 8b 5e 10 8b 46
0x00007ffc6a64e189:   20 4c 8d 34 c3 49 3b de 73 54 48 8b 3b 8b 47 2c
0x00007ffc6a64e199:   83 e0 03 3c 03 75 2e 48 8b 07 48 8b cf ff 90 88 


Stack slot to memory mapping:
stack at sp + 0 slots: 0x00000000000017a9 is an unknown value
stack at sp + 1 slots: 0x0 is NULL
stack at sp + 2 slots: 0x0000007f573feaf0 is pointing into the stack for thread: 0x000001f44d8d0a90
stack at sp + 3 slots: 0x00007ffc6a5b38d1 jvm.dll
stack at sp + 4 slots: 0x000001f44d8c94d0 points into unknown readable memory: 0x000001f400000006 | 06 00 00 00 f4 01 00 00
stack at sp + 5 slots: 0x00007ffc00002000 is an unknown value
stack at sp + 6 slots: 0x000001f472ec65a0 points into unknown readable memory: 0x0000000000000000 | 00 00 00 00 00 00 00 00
stack at sp + 7 slots: 0x000001f400000000 is an unknown value


---------------  P R O C E S S  ---------------

Threads class SMR info:
_java_thread_list=0x000001f472f5e770, length=95, elements={
0x000001f42fd13980, 0x000001f44d8b0d10, 0x000001f44d8b1b90, 0x000001f44d8ca670,
0x000001f44d8cd800, 0x000001f44d8cf330, 0x000001f44d8cfcf0, 0x000001f44d8d0a90,
0x000001f44d8d1ce0, 0x000001f44d93da50, 0x000001f44dacec10, 0x000001f44db6a7c0,
0x000001f46e8b7650, 0x000001f46dd1cab0, 0x000001f46d793360, 0x000001f46d7fe410,
0x000001f46d629790, 0x000001f46f1ba580, 0x000001f46f1baa90, 0x000001f46f1bc8f0,
0x000001f46f1bd310, 0x000001f46f1bafa0, 0x000001f46f1bb9c0, 0x000001f46f1bbed0,
0x000001f46f1bce00, 0x000001f46f1bc3e0, 0x000001f46f1bd820, 0x000001f46f1ba070,
0x000001f46def4aa0, 0x000001f46def4fb0, 0x000001f46def8250, 0x000001f46def7830,
0x000001f46def9ba0, 0x000001f46def54c0, 0x000001f46def59d0, 0x000001f46defa0b0,
0x000001f46def63f0, 0x000001f46def2c40, 0x000001f46def7d40, 0x000001f46def7320,
0x000001f46def8c70, 0x000001f46def9690, 0x000001f46def3150, 0x000001f46def6900,
0x000001f46def9180, 0x000001f46def3660, 0x000001f46def5ee0, 0x000001f470650900,
0x000001f470650e10, 0x000001f47064bd10, 0x000001f470651320, 0x000001f47064fee0,
0x000001f470651830, 0x000001f470651d40, 0x000001f47064c220, 0x000001f47064ade0,
0x000001f470652760, 0x000001f47064b2f0, 0x000001f47064c730, 0x000001f47064cc40,
0x000001f47064d150, 0x000001f47064db70, 0x000001f47064d660, 0x000001f47064e080,
0x000001f47064e590, 0x000001f47064eaa0, 0x000001f46dd6cd10, 0x000001f46dd6faa0,
0x000001f46dd6d220, 0x000001f46dd6ffb0, 0x000001f46dd704c0, 0x000001f46dd6b8d0,
0x000001f46dd6c2f0, 0x000001f46dd6bde0, 0x000001f46dd6c800, 0x000001f46dd71900,
0x000001f46dd6b3c0, 0x000001f46dd72d40, 0x000001f470652250, 0x000001f472af1390,
0x000001f472af2ce0, 0x000001f472af5050, 0x000001f472aee0f0, 0x000001f472aef020,
0x000001f472aeff50, 0x000001f472af4b40, 0x000001f472aeeb10, 0x000001f472af27d0,
0x000001f472af22c0, 0x000001f472af5560, 0x000001f472af4630, 0x000001f472af31f0,
0x000001f472aef530, 0x000001f472af0970, 0x000001f47a39f5a0
}

Java Threads: ( => current thread )
  0x000001f42fd13980 JavaThread "main" [_thread_blocked, id=5980, stack(0x0000007f56600000,0x0000007f56700000)]
  0x000001f44d8b0d10 JavaThread "Reference Handler" daemon [_thread_blocked, id=4692, stack(0x0000007f56d00000,0x0000007f56e00000)]
  0x000001f44d8b1b90 JavaThread "Finalizer" daemon [_thread_blocked, id=13108, stack(0x0000007f56e00000,0x0000007f56f00000)]
  0x000001f44d8ca670 JavaThread "Signal Dispatcher" daemon [_thread_blocked, id=15436, stack(0x0000007f56f00000,0x0000007f57000000)]
  0x000001f44d8cd800 JavaThread "Attach Listener" daemon [_thread_blocked, id=18400, stack(0x0000007f57000000,0x0000007f57100000)]
  0x000001f44d8cf330 JavaThread "Service Thread" daemon [_thread_blocked, id=16996, stack(0x0000007f57100000,0x0000007f57200000)]
  0x000001f44d8cfcf0 JavaThread "Monitor Deflation Thread" daemon [_thread_blocked, id=15748, stack(0x0000007f57200000,0x0000007f57300000)]
=>0x000001f44d8d0a90 JavaThread "C2 CompilerThread0" daemon [_thread_in_native, id=17976, stack(0x0000007f57300000,0x0000007f57400000)]
  0x000001f44d8d1ce0 JavaThread "C1 CompilerThread0" daemon [_thread_blocked, id=8220, stack(0x0000007f57400000,0x0000007f57500000)]
  0x000001f44d93da50 JavaThread "Sweeper thread" daemon [_thread_blocked, id=8116, stack(0x0000007f57500000,0x0000007f57600000)]
  0x000001f44dacec10 JavaThread "Common-Cleaner" daemon [_thread_blocked, id=4756, stack(0x0000007f57600000,0x0000007f57700000)]
  0x000001f44db6a7c0 JavaThread "Notification Thread" daemon [_thread_blocked, id=14308, stack(0x0000007f57700000,0x0000007f57800000)]
  0x000001f46e8b7650 JavaThread "Daemon health stats" [_thread_blocked, id=16580, stack(0x0000007f57d00000,0x0000007f57e00000)]
  0x000001f46dd1cab0 JavaThread "Incoming local TCP Connector on port 51549" [_thread_in_native, id=14564, stack(0x0000007f57c00000,0x0000007f57d00000)]
  0x000001f46d793360 JavaThread "Daemon periodic checks" [_thread_blocked, id=13256, stack(0x0000007f57e00000,0x0000007f57f00000)]
  0x000001f46d7fe410 JavaThread "Daemon" [_thread_blocked, id=1724, stack(0x0000007f57f00000,0x0000007f58000000)]
  0x000001f46d629790 JavaThread "Handler for socket connection from /127.0.0.1:51549 to /127.0.0.1:51551" [_thread_in_native, id=13820, stack(0x0000007f58000000,0x0000007f58100000)]
  0x000001f46f1ba580 JavaThread "Cancel handler" [_thread_blocked, id=15572, stack(0x0000007f58100000,0x0000007f58200000)]
  0x000001f46f1baa90 JavaThread "Daemon worker" [_thread_blocked, id=6956, stack(0x0000007f58200000,0x0000007f58300000)]
  0x000001f46f1bc8f0 JavaThread "Asynchronous log dispatcher for DefaultDaemonConnection: socket connection from /127.0.0.1:51549 to /127.0.0.1:51551" [_thread_blocked, id=13800, stack(0x0000007f58300000,0x0000007f58400000)]
  0x000001f46f1bd310 JavaThread "Stdin handler" [_thread_blocked, id=460, stack(0x0000007f58400000,0x0000007f58500000)]
  0x000001f46f1bafa0 JavaThread "Daemon client event forwarder" [_thread_blocked, id=10016, stack(0x0000007f58500000,0x0000007f58600000)]
  0x000001f46f1bb9c0 JavaThread "Cache worker for journal cache (C:\Users\WEBDEV\.gradle\caches\journal-1)" [_thread_blocked, id=13988, stack(0x0000007f58600000,0x0000007f58700000)]
  0x000001f46f1bbed0 JavaThread "File lock request listener" [_thread_in_native, id=1420, stack(0x0000007f58700000,0x0000007f58800000)]
  0x000001f46f1bce00 JavaThread "Cache worker for file hash cache (C:\Users\WEBDEV\.gradle\caches\8.3\fileHashes)" [_thread_blocked, id=15896, stack(0x0000007f58800000,0x0000007f58900000)]
  0x000001f46f1bc3e0 JavaThread "File watcher server" daemon [_thread_in_native, id=1484, stack(0x0000007f58a00000,0x0000007f58b00000)]
  0x000001f46f1bd820 JavaThread "File watcher consumer" daemon [_thread_blocked, id=14720, stack(0x0000007f58b00000,0x0000007f58c00000)]
  0x000001f46f1ba070 JavaThread "Cache worker for checksums cache (C:\xampp\htdocs\CV_WORLD_APP\cv_world\android\.gradle\8.3\checksums)" [_thread_blocked, id=11124, stack(0x0000007f58900000,0x0000007f58a00000)]
  0x000001f46def4aa0 JavaThread "Cache worker for file hash cache (C:\xampp\htdocs\CV_WORLD_APP\cv_world\android\.gradle\8.3\fileHashes)" [_thread_blocked, id=17496, stack(0x0000007f58c00000,0x0000007f58d00000)]
  0x000001f46def4fb0 JavaThread "Cache worker for cache directory md-supplier (C:\Users\WEBDEV\.gradle\caches\8.3\md-supplier)" [_thread_blocked, id=8788, stack(0x0000007f58d00000,0x0000007f58e00000)]
  0x000001f46def8250 JavaThread "Cache worker for file content cache (C:\Users\WEBDEV\.gradle\caches\8.3\fileContent)" [_thread_blocked, id=17808, stack(0x0000007f58e00000,0x0000007f58f00000)]
  0x000001f46def7830 JavaThread "Cache worker for cache directory md-rule (C:\Users\WEBDEV\.gradle\caches\8.3\md-rule)" [_thread_blocked, id=10396, stack(0x0000007f59000000,0x0000007f59100000)]
  0x000001f46def9ba0 JavaThread "Cache worker for execution history cache (C:\Users\WEBDEV\.gradle\caches\8.3\executionHistory)" [_thread_blocked, id=716, stack(0x0000007f59100000,0x0000007f59200000)]
  0x000001f46def54c0 JavaThread "jar transforms" [_thread_blocked, id=13460, stack(0x0000007f59300000,0x0000007f59400000)]
  0x000001f46def59d0 JavaThread "jar transforms Thread 2" [_thread_blocked, id=8028, stack(0x0000007f59400000,0x0000007f59500000)]
  0x000001f46defa0b0 JavaThread "jar transforms Thread 3" [_thread_blocked, id=16952, stack(0x0000007f59500000,0x0000007f59600000)]
  0x000001f46def63f0 JavaThread "jar transforms Thread 4" [_thread_blocked, id=9960, stack(0x0000007f59600000,0x0000007f59700000)]
  0x000001f46def2c40 JavaThread "Cache worker for kotlin-dsl (C:\Users\WEBDEV\.gradle\caches\8.3\kotlin-dsl)" [_thread_blocked, id=9096, stack(0x0000007f59700000,0x0000007f59800000)]
  0x000001f46def7d40 JavaThread "Unconstrained build operations" [_thread_blocked, id=16376, stack(0x0000007f59200000,0x0000007f59300000)]
  0x000001f46def7320 JavaThread "Unconstrained build operations Thread 2" [_thread_blocked, id=12096, stack(0x0000007f59800000,0x0000007f59900000)]
  0x000001f46def8c70 JavaThread "Cache worker for dependencies-accessors (C:\xampp\htdocs\CV_WORLD_APP\cv_world\android\.gradle\8.3\dependencies-accessors)" [_thread_blocked, id=17072, stack(0x0000007f59900000,0x0000007f59a00000)]
  0x000001f46def9690 JavaThread "Cache worker for Build Output Cleanup Cache (C:\xampp\htdocs\CV_WORLD_APP\cv_world\node_modules\@react-native\gradle-plugin\.gradle\buildOutputCleanup)" [_thread_blocked, id=17620, stack(0x0000007f59a00000,0x0000007f59b00000)]
  0x000001f46def3150 JavaThread "Unconstrained build operations Thread 3" [_thread_blocked, id=17612, stack(0x0000007f59e00000,0x0000007f59f00000)]
  0x000001f46def6900 JavaThread "Unconstrained build operations Thread 4" [_thread_blocked, id=17332, stack(0x0000007f59f00000,0x0000007f5a000000)]
  0x000001f46def9180 JavaThread "Unconstrained build operations Thread 5" [_thread_blocked, id=10268, stack(0x0000007f5a000000,0x0000007f5a100000)]
  0x000001f46def3660 JavaThread "Memory manager" [_thread_blocked, id=8040, stack(0x0000007f5a100000,0x0000007f5a200000)]
  0x000001f46def5ee0 JavaThread "Cache worker for Build Output Cleanup Cache (C:\xampp\htdocs\CV_WORLD_APP\cv_world\android\.gradle\buildOutputCleanup)" [_thread_blocked, id=10212, stack(0x0000007f59b00000,0x0000007f59c00000)]
  0x000001f470650900 JavaThread "ForkJoinPool.commonPool-worker-1" daemon [_thread_blocked, id=3292, stack(0x0000007f5a300000,0x0000007f5a400000)]
  0x000001f470650e10 JavaThread "ForkJoinPool.commonPool-worker-2" daemon [_thread_blocked, id=11104, stack(0x0000007f5a400000,0x0000007f5a500000)]
  0x000001f47064bd10 JavaThread "ForkJoinPool.commonPool-worker-3" daemon [_thread_blocked, id=6920, stack(0x0000007f5a500000,0x0000007f5a600000)]
  0x000001f470651320 JavaThread "Exec process" daemon [_thread_blocked, id=4700, stack(0x0000007f5a600000,0x0000007f5a700000)]
  0x000001f47064fee0 JavaThread "Exec process Thread 2" daemon [_thread_blocked, id=17732, stack(0x0000007f5a700000,0x0000007f5a800000)]
  0x000001f470651830 JavaThread "Exec process Thread 3" daemon [_thread_blocked, id=4228, stack(0x0000007f5a800000,0x0000007f5a900000)]
  0x000001f470651d40 JavaThread "included builds" [_thread_blocked, id=8324, stack(0x0000007f5a900000,0x0000007f5aa00000)]
  0x000001f47064c220 JavaThread "Execution worker" [_thread_blocked, id=1540, stack(0x0000007f5aa00000,0x0000007f5ab00000)]
  0x000001f47064ade0 JavaThread "Execution worker Thread 2" [_thread_blocked, id=4488, stack(0x0000007f5ab00000,0x0000007f5ac00000)]
  0x000001f470652760 JavaThread "Execution worker Thread 3" [_thread_blocked, id=8148, stack(0x0000007f5ac00000,0x0000007f5ad00000)]
  0x000001f47064b2f0 JavaThread "Cache worker for execution history cache (C:\xampp\htdocs\CV_WORLD_APP\cv_world\node_modules\@react-native\gradle-plugin\.gradle\8.3\executionHistory)" [_thread_blocked, id=9884, stack(0x0000007f5ad00000,0x0000007f5ae00000)]
  0x000001f47064c730 JavaThread "Unconstrained build operations Thread 6" [_thread_blocked, id=6700, stack(0x0000007f5ae00000,0x0000007f5af00000)]
  0x000001f47064cc40 JavaThread "Unconstrained build operations Thread 7" [_thread_blocked, id=10448, stack(0x0000007f5af00000,0x0000007f5b000000)]
  0x000001f47064d150 JavaThread "Unconstrained build operations Thread 8" [_thread_blocked, id=10620, stack(0x0000007f5b000000,0x0000007f5b100000)]
  0x000001f47064db70 JavaThread "Unconstrained build operations Thread 9" [_thread_blocked, id=4324, stack(0x0000007f5b100000,0x0000007f5b200000)]
  0x000001f47064d660 JavaThread "Unconstrained build operations Thread 10" [_thread_blocked, id=11780, stack(0x0000007f5b200000,0x0000007f5b300000)]
  0x000001f47064e080 JavaThread "Unconstrained build operations Thread 11" [_thread_blocked, id=10876, stack(0x0000007f5b300000,0x0000007f5b400000)]
  0x000001f47064e590 JavaThread "Unconstrained build operations Thread 12" [_thread_blocked, id=15060, stack(0x0000007f5b400000,0x0000007f5b500000)]
  0x000001f47064eaa0 JavaThread "Unconstrained build operations Thread 13" [_thread_blocked, id=12336, stack(0x0000007f5b500000,0x0000007f5b600000)]
  0x000001f46dd6cd10 JavaThread "Unconstrained build operations Thread 14" [_thread_blocked, id=18136, stack(0x0000007f56400000,0x0000007f56500000)]
  0x000001f46dd6faa0 JavaThread "Unconstrained build operations Thread 15" [_thread_blocked, id=11368, stack(0x0000007f56500000,0x0000007f56600000)]
  0x000001f46dd6d220 JavaThread "Unconstrained build operations Thread 16" [_thread_blocked, id=9220, stack(0x0000007f5a200000,0x0000007f5a300000)]
  0x000001f46dd6ffb0 JavaThread "Unconstrained build operations Thread 17" [_thread_blocked, id=13684, stack(0x0000007f5b600000,0x0000007f5b700000)]
  0x000001f46dd704c0 JavaThread "Unconstrained build operations Thread 18" [_thread_blocked, id=9612, stack(0x0000007f5b700000,0x0000007f5b800000)]
  0x000001f46dd6b8d0 JavaThread "Unconstrained build operations Thread 19" [_thread_blocked, id=2532, stack(0x0000007f5b800000,0x0000007f5b900000)]
  0x000001f46dd6c2f0 JavaThread "Unconstrained build operations Thread 20" [_thread_blocked, id=9124, stack(0x0000007f5b900000,0x0000007f5ba00000)]
  0x000001f46dd6bde0 JavaThread "Unconstrained build operations Thread 21" [_thread_blocked, id=8420, stack(0x0000007f5ba00000,0x0000007f5bb00000)]
  0x000001f46dd6c800 JavaThread "Unconstrained build operations Thread 22" [_thread_blocked, id=7776, stack(0x0000007f5bb00000,0x0000007f5bc00000)]
  0x000001f46dd71900 JavaThread "Unconstrained build operations Thread 23" [_thread_blocked, id=4548, stack(0x0000007f5bd00000,0x0000007f5be00000)]
  0x000001f46dd6b3c0 JavaThread "Unconstrained build operations Thread 24" [_thread_blocked, id=7772, stack(0x0000007f5be00000,0x0000007f5bf00000)]
  0x000001f46dd72d40 JavaThread "Unconstrained build operations Thread 25" [_thread_blocked, id=11600, stack(0x0000007f5bf00000,0x0000007f5c000000)]
  0x000001f470652250 JavaThread "Unconstrained build operations Thread 26" [_thread_blocked, id=7004, stack(0x0000007f5c000000,0x0000007f5c100000)]
  0x000001f472af1390 JavaThread "Unconstrained build operations Thread 27" [_thread_blocked, id=668, stack(0x0000007f5c100000,0x0000007f5c200000)]
  0x000001f472af2ce0 JavaThread "Unconstrained build operations Thread 28" [_thread_blocked, id=8108, stack(0x0000007f5c200000,0x0000007f5c300000)]
  0x000001f472af5050 JavaThread "Unconstrained build operations Thread 29" [_thread_blocked, id=12308, stack(0x0000007f5c300000,0x0000007f5c400000)]
  0x000001f472aee0f0 JavaThread "Unconstrained build operations Thread 30" [_thread_blocked, id=4552, stack(0x0000007f5c400000,0x0000007f5c500000)]
  0x000001f472aef020 JavaThread "Unconstrained build operations Thread 31" [_thread_blocked, id=16012, stack(0x0000007f5c500000,0x0000007f5c600000)]
  0x000001f472aeff50 JavaThread "Unconstrained build operations Thread 32" [_thread_blocked, id=10856, stack(0x0000007f5c600000,0x0000007f5c700000)]
  0x000001f472af4b40 JavaThread "Unconstrained build operations Thread 33" [_thread_blocked, id=2904, stack(0x0000007f5c700000,0x0000007f5c800000)]
  0x000001f472aeeb10 JavaThread "Unconstrained build operations Thread 34" [_thread_blocked, id=12136, stack(0x0000007f5c800000,0x0000007f5c900000)]
  0x000001f472af27d0 JavaThread "Unconstrained build operations Thread 35" [_thread_blocked, id=12208, stack(0x0000007f5c900000,0x0000007f5ca00000)]
  0x000001f472af22c0 JavaThread "Unconstrained build operations Thread 36" [_thread_blocked, id=9592, stack(0x0000007f5ca00000,0x0000007f5cb00000)]
  0x000001f472af5560 JavaThread "Unconstrained build operations Thread 37" [_thread_blocked, id=17272, stack(0x0000007f5cb00000,0x0000007f5cc00000)]
  0x000001f472af4630 JavaThread "Unconstrained build operations Thread 38" [_thread_blocked, id=7628, stack(0x0000007f5cc00000,0x0000007f5cd00000)]
  0x000001f472af31f0 JavaThread "Unconstrained build operations Thread 39" [_thread_blocked, id=11160, stack(0x0000007f5cd00000,0x0000007f5ce00000)]
  0x000001f472aef530 JavaThread "Unconstrained build operations Thread 40" [_thread_blocked, id=10508, stack(0x0000007f5ce00000,0x0000007f5cf00000)]
  0x000001f472af0970 JavaThread "Cache worker for execution history cache (C:\xampp\htdocs\CV_WORLD_APP\cv_world\android\.gradle\8.3\executionHistory)" [_thread_blocked, id=16028, stack(0x0000007f5bc00000,0x0000007f5bd00000)]
  0x000001f47a39f5a0 JavaThread "C2 CompilerThread1" daemon [_thread_in_native, id=2828, stack(0x0000007f5cf00000,0x0000007f5d000000)]

Other Threads:
  0x000001f44d8ad0b0 VMThread "VM Thread" [stack: 0x0000007f56c00000,0x0000007f56d00000] [id=10548]
  0x000001f44db328e0 WatcherThread [stack: 0x0000007f57800000,0x0000007f57900000] [id=17680]
  0x000001f42fd70770 GCTaskThread "GC Thread#0" [stack: 0x0000007f56700000,0x0000007f56800000] [id=11908]
  0x000001f44de37ad0 GCTaskThread "GC Thread#1" [stack: 0x0000007f57900000,0x0000007f57a00000] [id=7536]
  0x000001f46d00f8b0 GCTaskThread "GC Thread#2" [stack: 0x0000007f57a00000,0x0000007f57b00000] [id=15864]
  0x000001f46d608710 GCTaskThread "GC Thread#3" [stack: 0x0000007f57b00000,0x0000007f57c00000] [id=4760]
  0x000001f42fd816c0 ConcurrentGCThread "G1 Main Marker" [stack: 0x0000007f56800000,0x0000007f56900000] [id=1748]
  0x000001f42fd820d0 ConcurrentGCThread "G1 Conc#0" [stack: 0x0000007f56900000,0x0000007f56a00000] [id=10884]
  0x000001f42fdcd900 ConcurrentGCThread "G1 Refine#0" [stack: 0x0000007f56a00000,0x0000007f56b00000] [id=17524]
  0x000001f46f536c40 ConcurrentGCThread "G1 Refine#1" [stack: 0x0000007f58f00000,0x0000007f59000000] [id=12972]
  0x000001f42fdce330 ConcurrentGCThread "G1 Service" [stack: 0x0000007f56b00000,0x0000007f56c00000] [id=1308]

Threads with active compile tasks:
C2 CompilerThread0   110036 14724   !   4       org.gradle.cache.internal.DefaultMultiProcessSafeIndexedCache::getIfPresent (25 bytes)
C2 CompilerThread1   110036 14741   !   4       org.gradle.cache.internal.LockOnDemandCrossProcessCacheAccess::withFileLock (24 bytes)

VM state: not at safepoint (normal execution)

VM Mutex/Monitor currently owned by a thread: None

Heap address: 0x0000000080000000, size: 2048 MB, Compressed Oops mode: 32-bit

CDS archive(s) mapped at: [0x000001f44e000000-0x000001f44ebd0000-0x000001f44ebd0000), size 12386304, SharedBaseAddress: 0x000001f44e000000, ArchiveRelocationMode: 1.
Compressed class space mapped at: 0x000001f44f000000-0x000001f469000000, reserved size: 436207616
Narrow klass base: 0x000001f44e000000, Narrow klass shift: 0, Narrow klass range: 0x100000000

GC Precious Log:
 CPUs: 4 total, 4 available
 Memory: 7872M
 Large Page Support: Disabled
 NUMA Support: Disabled
 Compressed Oops: Enabled (32-bit)
 Heap Region Size: 1M
 Heap Min Capacity: 8M
 Heap Initial Capacity: 124M
 Heap Max Capacity: 2G
 Pre-touch: Disabled
 Parallel Workers: 4
 Concurrent Workers: 1
 Concurrent Refinement Workers: 4
 Periodic GC: Disabled

Heap:
 garbage-first heap   total 228352K, used 160940K [0x0000000080000000, 0x0000000100000000)
  region size 1024K, 13 young (13312K), 6 survivors (6144K)
 Metaspace       used 98017K, committed 99008K, reserved 557056K
  class space    used 13682K, committed 14144K, reserved 425984K

Heap Regions: E=young(eden), S=young(survivor), O=old, HS=humongous(starts), HC=humongous(continues), CS=collection set, F=free, OA=open archive, CA=closed archive, TAMS=top-at-mark-start (previous, next)
|   0|0x0000000080000000, 0x0000000080100000, 0x0000000080100000|100%| O|  |TAMS 0x0000000080100000, 0x0000000080000000| Untracked 
|   1|0x0000000080100000, 0x0000000080200000, 0x0000000080200000|100%| O|  |TAMS 0x0000000080200000, 0x0000000080100000| Untracked 
|   2|0x0000000080200000, 0x0000000080300000, 0x0000000080300000|100%|HS|  |TAMS 0x0000000080300000, 0x0000000080200000| Complete 
|   3|0x0000000080300000, 0x0000000080400000, 0x0000000080400000|100%|HC|  |TAMS 0x0000000080400000, 0x0000000080300000| Complete 
|   4|0x0000000080400000, 0x0000000080500000, 0x0000000080500000|100%|HC|  |TAMS 0x0000000080500000, 0x0000000080400000| Complete 
|   5|0x0000000080500000, 0x0000000080600000, 0x0000000080600000|100%|HC|  |TAMS 0x0000000080600000, 0x0000000080500000| Complete 
|   6|0x0000000080600000, 0x0000000080700000, 0x0000000080700000|100%| O|  |TAMS 0x0000000080700000, 0x0000000080600000| Untracked 
|   7|0x0000000080700000, 0x0000000080800000, 0x0000000080800000|100%| O|  |TAMS 0x0000000080800000, 0x0000000080700000| Untracked 
|   8|0x0000000080800000, 0x0000000080900000, 0x0000000080900000|100%| O|  |TAMS 0x0000000080900000, 0x0000000080800000| Untracked 
|   9|0x0000000080900000, 0x0000000080a00000, 0x0000000080a00000|100%| O|  |TAMS 0x0000000080a00000, 0x0000000080900000| Untracked 
|  10|0x0000000080a00000, 0x0000000080b00000, 0x0000000080b00000|100%| O|  |TAMS 0x0000000080b00000, 0x0000000080a00000| Untracked 
|  11|0x0000000080b00000, 0x0000000080c00000, 0x0000000080c00000|100%| O|  |TAMS 0x0000000080c00000, 0x0000000080b00000| Untracked 
|  12|0x0000000080c00000, 0x0000000080d00000, 0x0000000080d00000|100%| O|  |TAMS 0x0000000080d00000, 0x0000000080c00000| Untracked 
|  13|0x0000000080d00000, 0x0000000080e00000, 0x0000000080e00000|100%| O|  |TAMS 0x0000000080e00000, 0x0000000080d00000| Untracked 
|  14|0x0000000080e00000, 0x0000000080f00000, 0x0000000080f00000|100%| O|  |TAMS 0x0000000080f00000, 0x0000000080e00000| Untracked 
|  15|0x0000000080f00000, 0x0000000081000000, 0x0000000081000000|100%| O|  |TAMS 0x0000000081000000, 0x0000000080f00000| Untracked 
|  16|0x0000000081000000, 0x0000000081100000, 0x0000000081100000|100%| O|  |TAMS 0x0000000081100000, 0x0000000081000000| Untracked 
|  17|0x0000000081100000, 0x0000000081200000, 0x0000000081200000|100%| O|  |TAMS 0x0000000081200000, 0x0000000081100000| Untracked 
|  18|0x0000000081200000, 0x0000000081300000, 0x0000000081300000|100%| O|  |TAMS 0x0000000081300000, 0x0000000081200000| Untracked 
|  19|0x0000000081300000, 0x00000000813ada00, 0x0000000081400000| 67%| O|  |TAMS 0x00000000813ada00, 0x0000000081300000| Untracked 
|  20|0x0000000081400000, 0x0000000081500000, 0x0000000081500000|100%| O|  |TAMS 0x0000000081500000, 0x0000000081400000| Untracked 
|  21|0x0000000081500000, 0x0000000081600000, 0x0000000081600000|100%| O|  |TAMS 0x0000000081600000, 0x0000000081500000| Untracked 
|  22|0x0000000081600000, 0x0000000081700000, 0x0000000081700000|100%| O|  |TAMS 0x0000000081700000, 0x0000000081600000| Untracked 
|  23|0x0000000081700000, 0x0000000081800000, 0x0000000081800000|100%| O|  |TAMS 0x0000000081800000, 0x0000000081700000| Untracked 
|  24|0x0000000081800000, 0x0000000081900000, 0x0000000081900000|100%| O|  |TAMS 0x0000000081900000, 0x0000000081800000| Untracked 
|  25|0x0000000081900000, 0x0000000081a00000, 0x0000000081a00000|100%| O|  |TAMS 0x0000000081a00000, 0x0000000081900000| Untracked 
|  26|0x0000000081a00000, 0x0000000081b00000, 0x0000000081b00000|100%| O|  |TAMS 0x0000000081b00000, 0x0000000081a00000| Untracked 
|  27|0x0000000081b00000, 0x0000000081c00000, 0x0000000081c00000|100%| O|  |TAMS 0x0000000081c00000, 0x0000000081b00000| Untracked 
|  28|0x0000000081c00000, 0x0000000081d00000, 0x0000000081d00000|100%| O|  |TAMS 0x0000000081d00000, 0x0000000081c00000| Untracked 
|  29|0x0000000081d00000, 0x0000000081e00000, 0x0000000081e00000|100%| O|  |TAMS 0x0000000081e00000, 0x0000000081d00000| Untracked 
|  30|0x0000000081e00000, 0x0000000081f00000, 0x0000000081f00000|100%|HS|  |TAMS 0x0000000081f00000, 0x0000000081e00000| Complete 
|  31|0x0000000081f00000, 0x0000000082000000, 0x0000000082000000|100%|HC|  |TAMS 0x0000000082000000, 0x0000000081f00000| Complete 
|  32|0x0000000082000000, 0x0000000082100000, 0x0000000082100000|100%| O|  |TAMS 0x0000000082100000, 0x0000000082000000| Untracked 
|  33|0x0000000082100000, 0x0000000082200000, 0x0000000082200000|100%| O|  |TAMS 0x0000000082200000, 0x0000000082100000| Untracked 
|  34|0x0000000082200000, 0x0000000082300000, 0x0000000082300000|100%| O|  |TAMS 0x0000000082300000, 0x0000000082200000| Untracked 
|  35|0x0000000082300000, 0x0000000082400000, 0x0000000082400000|100%| O|  |TAMS 0x0000000082400000, 0x0000000082300000| Untracked 
|  36|0x0000000082400000, 0x0000000082500000, 0x0000000082500000|100%| O|  |TAMS 0x0000000082500000, 0x0000000082400000| Untracked 
|  37|0x0000000082500000, 0x0000000082600000, 0x0000000082600000|100%| O|  |TAMS 0x0000000082600000, 0x0000000082500000| Untracked 
|  38|0x0000000082600000, 0x0000000082700000, 0x0000000082700000|100%|HS|  |TAMS 0x0000000082700000, 0x0000000082600000| Complete 
|  39|0x0000000082700000, 0x0000000082800000, 0x0000000082800000|100%|HC|  |TAMS 0x0000000082800000, 0x0000000082700000| Complete 
|  40|0x0000000082800000, 0x0000000082900000, 0x0000000082900000|100%| O|  |TAMS 0x0000000082900000, 0x0000000082800000| Untracked 
|  41|0x0000000082900000, 0x0000000082a00000, 0x0000000082a00000|100%| O|  |TAMS 0x0000000082a00000, 0x0000000082900000| Untracked 
|  42|0x0000000082a00000, 0x0000000082b00000, 0x0000000082b00000|100%|HS|  |TAMS 0x0000000082b00000, 0x0000000082a00000| Complete 
|  43|0x0000000082b00000, 0x0000000082c00000, 0x0000000082c00000|100%|HC|  |TAMS 0x0000000082c00000, 0x0000000082b00000| Complete 
|  44|0x0000000082c00000, 0x0000000082d00000, 0x0000000082d00000|100%|HC|  |TAMS 0x0000000082d00000, 0x0000000082c00000| Complete 
|  45|0x0000000082d00000, 0x0000000082e00000, 0x0000000082e00000|100%|HC|  |TAMS 0x0000000082e00000, 0x0000000082d00000| Complete 
|  46|0x0000000082e00000, 0x0000000082f00000, 0x0000000082f00000|100%| O|  |TAMS 0x0000000082f00000, 0x0000000082e00000| Untracked 
|  47|0x0000000082f00000, 0x0000000083000000, 0x0000000083000000|100%| O|  |TAMS 0x0000000083000000, 0x0000000082f00000| Untracked 
|  48|0x0000000083000000, 0x0000000083100000, 0x0000000083100000|100%| O|  |TAMS 0x0000000083100000, 0x0000000083000000| Untracked 
|  49|0x0000000083100000, 0x0000000083200000, 0x0000000083200000|100%| O|  |TAMS 0x0000000083200000, 0x0000000083100000| Untracked 
|  50|0x0000000083200000, 0x0000000083300000, 0x0000000083300000|100%|HS|  |TAMS 0x0000000083300000, 0x0000000083200000| Complete 
|  51|0x0000000083300000, 0x0000000083400000, 0x0000000083400000|100%|HC|  |TAMS 0x0000000083400000, 0x0000000083300000| Complete 
|  52|0x0000000083400000, 0x0000000083500000, 0x0000000083500000|100%|HC|  |TAMS 0x0000000083500000, 0x0000000083400000| Complete 
|  53|0x0000000083500000, 0x0000000083600000, 0x0000000083600000|100%|HC|  |TAMS 0x0000000083600000, 0x0000000083500000| Complete 
|  54|0x0000000083600000, 0x0000000083700000, 0x0000000083700000|100%| O|  |TAMS 0x0000000083700000, 0x0000000083600000| Untracked 
|  55|0x0000000083700000, 0x0000000083800000, 0x0000000083800000|100%| O|  |TAMS 0x0000000083800000, 0x0000000083700000| Untracked 
|  56|0x0000000083800000, 0x0000000083900000, 0x0000000083900000|100%| O|  |TAMS 0x0000000083900000, 0x0000000083800000| Untracked 
|  57|0x0000000083900000, 0x0000000083a00000, 0x0000000083a00000|100%| O|  |TAMS 0x0000000083a00000, 0x0000000083900000| Untracked 
|  58|0x0000000083a00000, 0x0000000083b00000, 0x0000000083b00000|100%| O|  |TAMS 0x0000000083b00000, 0x0000000083a00000| Untracked 
|  59|0x0000000083b00000, 0x0000000083c00000, 0x0000000083c00000|100%| O|  |TAMS 0x0000000083c00000, 0x0000000083b00000| Untracked 
|  60|0x0000000083c00000, 0x0000000083d00000, 0x0000000083d00000|100%| O|  |TAMS 0x0000000083d00000, 0x0000000083c00000| Untracked 
|  61|0x0000000083d00000, 0x0000000083e00000, 0x0000000083e00000|100%| O|  |TAMS 0x0000000083e00000, 0x0000000083d00000| Untracked 
|  62|0x0000000083e00000, 0x0000000083f00000, 0x0000000083f00000|100%| O|  |TAMS 0x0000000083f00000, 0x0000000083e00000| Untracked 
|  63|0x0000000083f00000, 0x0000000084000000, 0x0000000084000000|100%|HS|  |TAMS 0x0000000084000000, 0x0000000083f00000| Complete 
|  64|0x0000000084000000, 0x0000000084100000, 0x0000000084100000|100%|HS|  |TAMS 0x0000000084100000, 0x0000000084000000| Complete 
|  65|0x0000000084100000, 0x0000000084200000, 0x0000000084200000|100%|HS|  |TAMS 0x0000000084200000, 0x0000000084100000| Complete 
|  66|0x0000000084200000, 0x0000000084300000, 0x0000000084300000|100%| O|  |TAMS 0x0000000084300000, 0x0000000084200000| Untracked 
|  67|0x0000000084300000, 0x0000000084400000, 0x0000000084400000|100%| O|  |TAMS 0x0000000084400000, 0x0000000084300000| Untracked 
|  68|0x0000000084400000, 0x0000000084500000, 0x0000000084500000|100%| O|  |TAMS 0x0000000084500000, 0x0000000084400000| Untracked 
|  69|0x0000000084500000, 0x0000000084600000, 0x0000000084600000|100%| O|  |TAMS 0x0000000084600000, 0x0000000084500000| Untracked 
|  70|0x0000000084600000, 0x0000000084700000, 0x0000000084700000|100%|HS|  |TAMS 0x0000000084700000, 0x0000000084600000| Complete 
|  71|0x0000000084700000, 0x0000000084800000, 0x0000000084800000|100%| O|  |TAMS 0x0000000084800000, 0x0000000084700000| Untracked 
|  72|0x0000000084800000, 0x0000000084900000, 0x0000000084900000|100%| O|  |TAMS 0x0000000084900000, 0x0000000084800000| Untracked 
|  73|0x0000000084900000, 0x0000000084a00000, 0x0000000084a00000|100%| O|  |TAMS 0x0000000084a00000, 0x0000000084900000| Untracked 
|  74|0x0000000084a00000, 0x0000000084b00000, 0x0000000084b00000|100%| O|  |TAMS 0x0000000084b00000, 0x0000000084a00000| Untracked 
|  75|0x0000000084b00000, 0x0000000084c00000, 0x0000000084c00000|100%| O|  |TAMS 0x0000000084c00000, 0x0000000084b00000| Untracked 
|  76|0x0000000084c00000, 0x0000000084d00000, 0x0000000084d00000|100%| O|  |TAMS 0x0000000084d00000, 0x0000000084c00000| Untracked 
|  77|0x0000000084d00000, 0x0000000084e00000, 0x0000000084e00000|100%| O|  |TAMS 0x0000000084e00000, 0x0000000084d00000| Untracked 
|  78|0x0000000084e00000, 0x0000000084f00000, 0x0000000084f00000|100%|HS|  |TAMS 0x0000000084e00000, 0x0000000084e00000| Complete 
|  79|0x0000000084f00000, 0x0000000085000000, 0x0000000085000000|100%| O|  |TAMS 0x0000000085000000, 0x0000000084f00000| Untracked 
|  80|0x0000000085000000, 0x0000000085100000, 0x0000000085100000|100%| O|  |TAMS 0x0000000085100000, 0x0000000085000000| Untracked 
|  81|0x0000000085100000, 0x0000000085200000, 0x0000000085200000|100%| O|  |TAMS 0x0000000085200000, 0x0000000085100000| Untracked 
|  82|0x0000000085200000, 0x0000000085300000, 0x0000000085300000|100%| O|  |TAMS 0x0000000085300000, 0x0000000085200000| Untracked 
|  83|0x0000000085300000, 0x0000000085400000, 0x0000000085400000|100%| O|  |TAMS 0x0000000085400000, 0x0000000085300000| Untracked 
|  84|0x0000000085400000, 0x0000000085500000, 0x0000000085500000|100%| O|  |TAMS 0x0000000085443400, 0x0000000085400000| Untracked 
|  85|0x0000000085500000, 0x0000000085600000, 0x0000000085600000|100%|HS|  |TAMS 0x0000000085500000, 0x0000000085500000| Complete 
|  86|0x0000000085600000, 0x0000000085700000, 0x0000000085700000|100%|HS|  |TAMS 0x0000000085600000, 0x0000000085600000| Complete 
|  87|0x0000000085700000, 0x0000000085800000, 0x0000000085800000|100%|HS|  |TAMS 0x0000000085700000, 0x0000000085700000| Complete 
|  88|0x0000000085800000, 0x0000000085900000, 0x0000000085900000|100%|HC|  |TAMS 0x0000000085800000, 0x0000000085800000| Complete 
|  89|0x0000000085900000, 0x0000000085a00000, 0x0000000085a00000|100%|HS|  |TAMS 0x0000000085900000, 0x0000000085900000| Complete 
|  90|0x0000000085a00000, 0x0000000085b00000, 0x0000000085b00000|100%| O|  |TAMS 0x0000000085a00000, 0x0000000085a00000| Untracked 
|  91|0x0000000085b00000, 0x0000000085c00000, 0x0000000085c00000|100%| O|  |TAMS 0x0000000085b00000, 0x0000000085b00000| Untracked 
|  92|0x0000000085c00000, 0x0000000085d00000, 0x0000000085d00000|100%| O|  |TAMS 0x0000000085c00000, 0x0000000085c00000| Untracked 
|  93|0x0000000085d00000, 0x0000000085e00000, 0x0000000085e00000|100%| O|  |TAMS 0x0000000085d00000, 0x0000000085d00000| Untracked 
|  94|0x0000000085e00000, 0x0000000085f00000, 0x0000000085f00000|100%| O|  |TAMS 0x0000000085e00000, 0x0000000085e00000| Untracked 
|  95|0x0000000085f00000, 0x0000000086000000, 0x0000000086000000|100%| O|  |TAMS 0x0000000085f00000, 0x0000000085f00000| Untracked 
|  96|0x0000000086000000, 0x0000000086100000, 0x0000000086100000|100%| O|  |TAMS 0x0000000086000000, 0x0000000086000000| Untracked 
|  97|0x0000000086100000, 0x0000000086200000, 0x0000000086200000|100%| O|  |TAMS 0x0000000086100000, 0x0000000086100000| Untracked 
|  98|0x0000000086200000, 0x0000000086300000, 0x0000000086300000|100%| O|  |TAMS 0x0000000086200000, 0x0000000086200000| Untracked 
|  99|0x0000000086300000, 0x0000000086400000, 0x0000000086400000|100%| O|  |TAMS 0x0000000086300000, 0x0000000086300000| Untracked 
| 100|0x0000000086400000, 0x0000000086500000, 0x0000000086500000|100%| O|  |TAMS 0x0000000086400000, 0x0000000086400000| Untracked 
| 101|0x0000000086500000, 0x0000000086600000, 0x0000000086600000|100%| O|  |TAMS 0x0000000086500000, 0x0000000086500000| Untracked 
| 102|0x0000000086600000, 0x0000000086700000, 0x0000000086700000|100%| O|  |TAMS 0x0000000086600000, 0x0000000086600000| Untracked 
| 103|0x0000000086700000, 0x0000000086800000, 0x0000000086800000|100%| O|  |TAMS 0x0000000086700000, 0x0000000086700000| Untracked 
| 104|0x0000000086800000, 0x0000000086900000, 0x0000000086900000|100%| O|  |TAMS 0x0000000086800000, 0x0000000086800000| Untracked 
| 105|0x0000000086900000, 0x0000000086a00000, 0x0000000086a00000|100%|HS|  |TAMS 0x0000000086900000, 0x0000000086900000| Complete 
| 106|0x0000000086a00000, 0x0000000086b00000, 0x0000000086b00000|100%| O|  |TAMS 0x0000000086a00000, 0x0000000086a00000| Untracked 
| 107|0x0000000086b00000, 0x0000000086c00000, 0x0000000086c00000|100%| O|  |TAMS 0x0000000086b00000, 0x0000000086b00000| Untracked 
| 108|0x0000000086c00000, 0x0000000086d00000, 0x0000000086d00000|100%| O|  |TAMS 0x0000000086c00000, 0x0000000086c00000| Untracked 
| 109|0x0000000086d00000, 0x0000000086e00000, 0x0000000086e00000|100%| O|  |TAMS 0x0000000086d00000, 0x0000000086d00000| Untracked 
| 110|0x0000000086e00000, 0x0000000086f00000, 0x0000000086f00000|100%| O|  |TAMS 0x0000000086e00000, 0x0000000086e00000| Untracked 
| 111|0x0000000086f00000, 0x0000000087000000, 0x0000000087000000|100%| O|  |TAMS 0x0000000086f00000, 0x0000000086f00000| Untracked 
| 112|0x0000000087000000, 0x0000000087100000, 0x0000000087100000|100%| O|  |TAMS 0x0000000087000000, 0x0000000087000000| Untracked 
| 113|0x0000000087100000, 0x0000000087200000, 0x0000000087200000|100%| O|  |TAMS 0x0000000087100000, 0x0000000087100000| Untracked 
| 114|0x0000000087200000, 0x0000000087300000, 0x0000000087300000|100%| O|  |TAMS 0x0000000087200000, 0x0000000087200000| Untracked 
| 115|0x0000000087300000, 0x0000000087400000, 0x0000000087400000|100%| O|  |TAMS 0x0000000087300000, 0x0000000087300000| Untracked 
| 116|0x0000000087400000, 0x0000000087500000, 0x0000000087500000|100%| O|  |TAMS 0x0000000087400000, 0x0000000087400000| Untracked 
| 117|0x0000000087500000, 0x0000000087600000, 0x0000000087600000|100%| O|  |TAMS 0x0000000087500000, 0x0000000087500000| Untracked 
| 118|0x0000000087600000, 0x0000000087700000, 0x0000000087700000|100%| O|  |TAMS 0x0000000087600000, 0x0000000087600000| Untracked 
| 119|0x0000000087700000, 0x0000000087800000, 0x0000000087800000|100%| O|  |TAMS 0x0000000087700000, 0x0000000087700000| Untracked 
| 120|0x0000000087800000, 0x0000000087900000, 0x0000000087900000|100%| O|  |TAMS 0x0000000087800000, 0x0000000087800000| Untracked 
| 121|0x0000000087900000, 0x0000000087a00000, 0x0000000087a00000|100%| O|  |TAMS 0x0000000087900000, 0x0000000087900000| Untracked 
| 122|0x0000000087a00000, 0x0000000087b00000, 0x0000000087b00000|100%| O|  |TAMS 0x0000000087a00000, 0x0000000087a00000| Untracked 
| 123|0x0000000087b00000, 0x0000000087c00000, 0x0000000087c00000|100%| O|  |TAMS 0x0000000087b00000, 0x0000000087b00000| Untracked 
| 124|0x0000000087c00000, 0x0000000087d00000, 0x0000000087d00000|100%| O|  |TAMS 0x0000000087c00000, 0x0000000087c00000| Untracked 
| 125|0x0000000087d00000, 0x0000000087e00000, 0x0000000087e00000|100%| O|  |TAMS 0x0000000087d00000, 0x0000000087d00000| Untracked 
| 126|0x0000000087e00000, 0x0000000087f00000, 0x0000000087f00000|100%| O|  |TAMS 0x0000000087e00000, 0x0000000087e00000| Untracked 
| 127|0x0000000087f00000, 0x0000000088000000, 0x0000000088000000|100%| O|  |TAMS 0x0000000087f00000, 0x0000000087f00000| Untracked 
| 128|0x0000000088000000, 0x0000000088100000, 0x0000000088100000|100%| O|  |TAMS 0x0000000088000000, 0x0000000088000000| Untracked 
| 129|0x0000000088100000, 0x0000000088200000, 0x0000000088200000|100%| O|  |TAMS 0x0000000088100000, 0x0000000088100000| Untracked 
| 130|0x0000000088200000, 0x0000000088300000, 0x0000000088300000|100%| O|  |TAMS 0x0000000088200000, 0x0000000088200000| Untracked 
| 131|0x0000000088300000, 0x0000000088400000, 0x0000000088400000|100%| O|  |TAMS 0x0000000088300000, 0x0000000088300000| Untracked 
| 132|0x0000000088400000, 0x0000000088500000, 0x0000000088500000|100%| O|  |TAMS 0x0000000088400000, 0x0000000088400000| Untracked 
| 133|0x0000000088500000, 0x0000000088600000, 0x0000000088600000|100%| O|  |TAMS 0x0000000088500000, 0x0000000088500000| Untracked 
| 134|0x0000000088600000, 0x0000000088700000, 0x0000000088700000|100%| O|  |TAMS 0x0000000088600000, 0x0000000088600000| Untracked 
| 135|0x0000000088700000, 0x0000000088800000, 0x0000000088800000|100%| O|  |TAMS 0x0000000088700000, 0x0000000088700000| Untracked 
| 136|0x0000000088800000, 0x0000000088900000, 0x0000000088900000|100%| O|  |TAMS 0x0000000088800000, 0x0000000088800000| Untracked 
| 137|0x0000000088900000, 0x0000000088a00000, 0x0000000088a00000|100%| O|  |TAMS 0x0000000088900000, 0x0000000088900000| Untracked 
| 138|0x0000000088a00000, 0x0000000088b00000, 0x0000000088b00000|100%| O|  |TAMS 0x0000000088a00000, 0x0000000088a00000| Untracked 
| 139|0x0000000088b00000, 0x0000000088c00000, 0x0000000088c00000|100%| O|  |TAMS 0x0000000088b00000, 0x0000000088b00000| Untracked 
| 140|0x0000000088c00000, 0x0000000088d00000, 0x0000000088d00000|100%| O|  |TAMS 0x0000000088c00000, 0x0000000088c00000| Untracked 
| 141|0x0000000088d00000, 0x0000000088e00000, 0x0000000088e00000|100%| O|  |TAMS 0x0000000088d00000, 0x0000000088d00000| Untracked 
| 142|0x0000000088e00000, 0x0000000088f00000, 0x0000000088f00000|100%| O|  |TAMS 0x0000000088e00000, 0x0000000088e00000| Untracked 
| 143|0x0000000088f00000, 0x0000000089000000, 0x0000000089000000|100%| O|  |TAMS 0x0000000088f00000, 0x0000000088f00000| Untracked 
| 144|0x0000000089000000, 0x0000000089100000, 0x0000000089100000|100%| O|  |TAMS 0x0000000089000000, 0x0000000089000000| Untracked 
| 145|0x0000000089100000, 0x00000000891bea00, 0x0000000089200000| 74%| O|  |TAMS 0x0000000089100000, 0x0000000089100000| Untracked 
| 146|0x0000000089200000, 0x0000000089200000, 0x0000000089300000|  0%| F|  |TAMS 0x0000000089200000, 0x0000000089200000| Untracked 
| 147|0x0000000089300000, 0x0000000089300000, 0x0000000089400000|  0%| F|  |TAMS 0x0000000089300000, 0x0000000089300000| Untracked 
| 148|0x0000000089400000, 0x0000000089400000, 0x0000000089500000|  0%| F|  |TAMS 0x0000000089400000, 0x0000000089400000| Untracked 
| 149|0x0000000089500000, 0x0000000089500000, 0x0000000089600000|  0%| F|  |TAMS 0x0000000089500000, 0x0000000089500000| Untracked 
| 150|0x0000000089600000, 0x0000000089600000, 0x0000000089700000|  0%| F|  |TAMS 0x0000000089600000, 0x0000000089600000| Untracked 
| 151|0x0000000089700000, 0x0000000089700000, 0x0000000089800000|  0%| F|  |TAMS 0x0000000089700000, 0x0000000089700000| Untracked 
| 152|0x0000000089800000, 0x0000000089800000, 0x0000000089900000|  0%| F|  |TAMS 0x0000000089800000, 0x0000000089800000| Untracked 
| 153|0x0000000089900000, 0x0000000089900000, 0x0000000089a00000|  0%| F|  |TAMS 0x0000000089900000, 0x0000000089900000| Untracked 
| 154|0x0000000089a00000, 0x0000000089a00000, 0x0000000089b00000|  0%| F|  |TAMS 0x0000000089a00000, 0x0000000089a00000| Untracked 
| 155|0x0000000089b00000, 0x0000000089b00000, 0x0000000089c00000|  0%| F|  |TAMS 0x0000000089b00000, 0x0000000089b00000| Untracked 
| 156|0x0000000089c00000, 0x0000000089c00000, 0x0000000089d00000|  0%| F|  |TAMS 0x0000000089c00000, 0x0000000089c00000| Untracked 
| 157|0x0000000089d00000, 0x0000000089d00000, 0x0000000089e00000|  0%| F|  |TAMS 0x0000000089d00000, 0x0000000089d00000| Untracked 
| 158|0x0000000089e00000, 0x0000000089e00000, 0x0000000089f00000|  0%| F|  |TAMS 0x0000000089e00000, 0x0000000089e00000| Untracked 
| 159|0x0000000089f00000, 0x0000000089f00000, 0x000000008a000000|  0%| F|  |TAMS 0x0000000089f00000, 0x0000000089f00000| Untracked 
| 160|0x000000008a000000, 0x000000008a000000, 0x000000008a100000|  0%| F|  |TAMS 0x000000008a000000, 0x000000008a000000| Untracked 
| 161|0x000000008a100000, 0x000000008a100000, 0x000000008a200000|  0%| F|  |TAMS 0x000000008a100000, 0x000000008a100000| Untracked 
| 162|0x000000008a200000, 0x000000008a200000, 0x000000008a300000|  0%| F|  |TAMS 0x000000008a200000, 0x000000008a200000| Untracked 
| 163|0x000000008a300000, 0x000000008a300000, 0x000000008a400000|  0%| F|  |TAMS 0x000000008a300000, 0x000000008a300000| Untracked 
| 164|0x000000008a400000, 0x000000008a400000, 0x000000008a500000|  0%| F|  |TAMS 0x000000008a400000, 0x000000008a400000| Untracked 
| 165|0x000000008a500000, 0x000000008a500000, 0x000000008a600000|  0%| F|  |TAMS 0x000000008a500000, 0x000000008a500000| Untracked 
| 166|0x000000008a600000, 0x000000008a600000, 0x000000008a700000|  0%| F|  |TAMS 0x000000008a600000, 0x000000008a600000| Untracked 
| 167|0x000000008a700000, 0x000000008a700000, 0x000000008a800000|  0%| F|  |TAMS 0x000000008a700000, 0x000000008a700000| Untracked 
| 168|0x000000008a800000, 0x000000008a800000, 0x000000008a900000|  0%| F|  |TAMS 0x000000008a800000, 0x000000008a800000| Untracked 
| 169|0x000000008a900000, 0x000000008a900000, 0x000000008aa00000|  0%| F|  |TAMS 0x000000008a900000, 0x000000008a900000| Untracked 
| 170|0x000000008aa00000, 0x000000008aa00000, 0x000000008ab00000|  0%| F|  |TAMS 0x000000008aa00000, 0x000000008aa00000| Untracked 
| 171|0x000000008ab00000, 0x000000008ab00000, 0x000000008ac00000|  0%| F|  |TAMS 0x000000008ab00000, 0x000000008ab00000| Untracked 
| 172|0x000000008ac00000, 0x000000008ac00000, 0x000000008ad00000|  0%| F|  |TAMS 0x000000008ac00000, 0x000000008ac00000| Untracked 
| 173|0x000000008ad00000, 0x000000008ad00000, 0x000000008ae00000|  0%| F|  |TAMS 0x000000008ad00000, 0x000000008ad00000| Untracked 
| 174|0x000000008ae00000, 0x000000008ae00000, 0x000000008af00000|  0%| F|  |TAMS 0x000000008ae00000, 0x000000008ae00000| Untracked 
| 175|0x000000008af00000, 0x000000008af00000, 0x000000008b000000|  0%| F|  |TAMS 0x000000008af00000, 0x000000008af00000| Untracked 
| 176|0x000000008b000000, 0x000000008b0befb0, 0x000000008b100000| 74%| S|CS|TAMS 0x000000008b000000, 0x000000008b000000| Complete 
| 177|0x000000008b100000, 0x000000008b200000, 0x000000008b200000|100%| S|CS|TAMS 0x000000008b100000, 0x000000008b100000| Complete 
| 178|0x000000008b200000, 0x000000008b200000, 0x000000008b300000|  0%| F|  |TAMS 0x000000008b200000, 0x000000008b200000| Untracked 
| 179|0x000000008b300000, 0x000000008b400000, 0x000000008b400000|100%| S|CS|TAMS 0x000000008b300000, 0x000000008b300000| Complete 
| 180|0x000000008b400000, 0x000000008b500000, 0x000000008b500000|100%| S|CS|TAMS 0x000000008b400000, 0x000000008b400000| Complete 
| 181|0x000000008b500000, 0x000000008b600000, 0x000000008b600000|100%| S|CS|TAMS 0x000000008b500000, 0x000000008b500000| Complete 
| 182|0x000000008b600000, 0x000000008b600000, 0x000000008b700000|  0%| F|  |TAMS 0x000000008b600000, 0x000000008b600000| Untracked 
| 183|0x000000008b700000, 0x000000008b700000, 0x000000008b800000|  0%| F|  |TAMS 0x000000008b700000, 0x000000008b700000| Untracked 
| 184|0x000000008b800000, 0x000000008b900000, 0x000000008b900000|100%| S|CS|TAMS 0x000000008b800000, 0x000000008b800000| Complete 
| 185|0x000000008b900000, 0x000000008b900000, 0x000000008ba00000|  0%| F|  |TAMS 0x000000008b900000, 0x000000008b900000| Untracked 
| 186|0x000000008ba00000, 0x000000008ba00000, 0x000000008bb00000|  0%| F|  |TAMS 0x000000008ba00000, 0x000000008ba00000| Untracked 
| 187|0x000000008bb00000, 0x000000008bb00000, 0x000000008bc00000|  0%| F|  |TAMS 0x000000008bb00000, 0x000000008bb00000| Untracked 
| 188|0x000000008bc00000, 0x000000008bc00000, 0x000000008bd00000|  0%| F|  |TAMS 0x000000008bc00000, 0x000000008bc00000| Untracked 
| 189|0x000000008bd00000, 0x000000008bd00000, 0x000000008be00000|  0%| F|  |TAMS 0x000000008bd00000, 0x000000008bd00000| Untracked 
| 190|0x000000008be00000, 0x000000008be00000, 0x000000008bf00000|  0%| F|  |TAMS 0x000000008be00000, 0x000000008be00000| Untracked 
| 191|0x000000008bf00000, 0x000000008bf00000, 0x000000008c000000|  0%| F|  |TAMS 0x000000008bf00000, 0x000000008bf00000| Untracked 
| 192|0x000000008c000000, 0x000000008c000000, 0x000000008c100000|  0%| F|  |TAMS 0x000000008c000000, 0x000000008c000000| Untracked 
| 193|0x000000008c100000, 0x000000008c100000, 0x000000008c200000|  0%| F|  |TAMS 0x000000008c100000, 0x000000008c100000| Untracked 
| 194|0x000000008c200000, 0x000000008c200000, 0x000000008c300000|  0%| F|  |TAMS 0x000000008c200000, 0x000000008c200000| Untracked 
| 195|0x000000008c300000, 0x000000008c300000, 0x000000008c400000|  0%| F|  |TAMS 0x000000008c300000, 0x000000008c300000| Untracked 
| 196|0x000000008c400000, 0x000000008c400000, 0x000000008c500000|  0%| F|  |TAMS 0x000000008c400000, 0x000000008c400000| Untracked 
| 197|0x000000008c500000, 0x000000008c500000, 0x000000008c600000|  0%| F|  |TAMS 0x000000008c500000, 0x000000008c500000| Untracked 
| 198|0x000000008c600000, 0x000000008c600000, 0x000000008c700000|  0%| F|  |TAMS 0x000000008c600000, 0x000000008c600000| Untracked 
| 199|0x000000008c700000, 0x000000008c700000, 0x000000008c800000|  0%| F|  |TAMS 0x000000008c700000, 0x000000008c700000| Untracked 
| 200|0x000000008c800000, 0x000000008c800000, 0x000000008c900000|  0%| F|  |TAMS 0x000000008c800000, 0x000000008c800000| Untracked 
| 201|0x000000008c900000, 0x000000008c900000, 0x000000008ca00000|  0%| F|  |TAMS 0x000000008c900000, 0x000000008c900000| Untracked 
| 202|0x000000008ca00000, 0x000000008ca00000, 0x000000008cb00000|  0%| F|  |TAMS 0x000000008ca00000, 0x000000008ca00000| Untracked 
| 203|0x000000008cb00000, 0x000000008cb00000, 0x000000008cc00000|  0%| F|  |TAMS 0x000000008cb00000, 0x000000008cb00000| Untracked 
| 204|0x000000008cc00000, 0x000000008cc00000, 0x000000008cd00000|  0%| F|  |TAMS 0x000000008cc00000, 0x000000008cc00000| Untracked 
| 205|0x000000008cd00000, 0x000000008cd00000, 0x000000008ce00000|  0%| F|  |TAMS 0x000000008cd00000, 0x000000008cd00000| Untracked 
| 206|0x000000008ce00000, 0x000000008ce00000, 0x000000008cf00000|  0%| F|  |TAMS 0x000000008ce00000, 0x000000008ce00000| Untracked 
| 207|0x000000008cf00000, 0x000000008cf00000, 0x000000008d000000|  0%| F|  |TAMS 0x000000008cf00000, 0x000000008cf00000| Untracked 
| 208|0x000000008d000000, 0x000000008d000000, 0x000000008d100000|  0%| F|  |TAMS 0x000000008d000000, 0x000000008d000000| Untracked 
| 209|0x000000008d100000, 0x000000008d100000, 0x000000008d200000|  0%| F|  |TAMS 0x000000008d100000, 0x000000008d100000| Untracked 
| 210|0x000000008d200000, 0x000000008d200000, 0x000000008d300000|  0%| F|  |TAMS 0x000000008d200000, 0x000000008d200000| Untracked 
| 211|0x000000008d300000, 0x000000008d300000, 0x000000008d400000|  0%| F|  |TAMS 0x000000008d300000, 0x000000008d300000| Untracked 
| 212|0x000000008d400000, 0x000000008d400000, 0x000000008d500000|  0%| F|  |TAMS 0x000000008d400000, 0x000000008d400000| Untracked 
| 213|0x000000008d500000, 0x000000008d500000, 0x000000008d600000|  0%| F|  |TAMS 0x000000008d500000, 0x000000008d500000| Untracked 
| 214|0x000000008d600000, 0x000000008d600000, 0x000000008d700000|  0%| F|  |TAMS 0x000000008d600000, 0x000000008d600000| Untracked 
| 215|0x000000008d700000, 0x000000008d700000, 0x000000008d800000|  0%| F|  |TAMS 0x000000008d700000, 0x000000008d700000| Untracked 
| 216|0x000000008d800000, 0x000000008d8d2440, 0x000000008d900000| 82%| E|  |TAMS 0x000000008d800000, 0x000000008d800000| Complete 
| 217|0x000000008d900000, 0x000000008da00000, 0x000000008da00000|100%| E|CS|TAMS 0x000000008d900000, 0x000000008d900000| Complete 
| 218|0x000000008da00000, 0x000000008db00000, 0x000000008db00000|100%| E|CS|TAMS 0x000000008da00000, 0x000000008da00000| Complete 
| 219|0x000000008db00000, 0x000000008dc00000, 0x000000008dc00000|100%| E|CS|TAMS 0x000000008db00000, 0x000000008db00000| Complete 
| 220|0x000000008dc00000, 0x000000008dd00000, 0x000000008dd00000|100%| E|CS|TAMS 0x000000008dc00000, 0x000000008dc00000| Complete 
| 221|0x000000008dd00000, 0x000000008de00000, 0x000000008de00000|100%| E|CS|TAMS 0x000000008dd00000, 0x000000008dd00000| Complete 
| 222|0x000000008de00000, 0x000000008df00000, 0x000000008df00000|100%| E|CS|TAMS 0x000000008de00000, 0x000000008de00000| Complete 

Card table byte_map: [0x000001f446c10000,0x000001f447010000] _byte_map_base: 0x000001f446810000

Marking Bits (Prev, Next): (CMBitMap*) 0x000001f42fd70d90, (CMBitMap*) 0x000001f42fd70dd0
 Prev Bits: [0x000001f447410000, 0x000001f449410000)
 Next Bits: [0x000001f449410000, 0x000001f44b410000)

Polling page: 0x000001f42dc10000

Metaspace:

Usage:
  Non-class:     82.36 MB used.
      Class:     13.36 MB used.
       Both:     95.72 MB used.

Virtual space:
  Non-class space:      128.00 MB reserved,      82.88 MB ( 65%) committed,  2 nodes.
      Class space:      416.00 MB reserved,      13.81 MB (  3%) committed,  1 nodes.
             Both:      544.00 MB reserved,      96.69 MB ( 18%) committed. 

Chunk freelists:
   Non-Class:  13.11 MB
       Class:  2.07 MB
        Both:  15.18 MB

MaxMetaspaceSize: 512.00 MB
CompressedClassSpaceSize: 416.00 MB
Initial GC threshold: 21.00 MB
Current GC threshold: 126.81 MB
CDS: on
MetaspaceReclaimPolicy: balanced
 - commit_granule_bytes: 65536.
 - commit_granule_words: 8192.
 - virtual_space_node_default_size: 8388608.
 - enlarge_chunks_in_place: 1.
 - new_chunks_are_fully_committed: 0.
 - uncommit_free_chunks: 1.
 - use_allocation_guard: 0.
 - handle_deallocations: 1.


Internal statistics:

num_allocs_failed_limit: 9.
num_arena_births: 1266.
num_arena_deaths: 0.
num_vsnodes_births: 3.
num_vsnodes_deaths: 0.
num_space_committed: 1547.
num_space_uncommitted: 0.
num_chunks_returned_to_freelist: 9.
num_chunks_taken_from_freelist: 5539.
num_chunk_merges: 9.
num_chunk_splits: 3617.
num_chunks_enlarged: 2324.
num_inconsistent_stats: 0.

CodeHeap 'non-profiled nmethods': size=120000Kb used=8363Kb max_used=8641Kb free=111636Kb
 bounds [0x000001f43f2e0000, 0x000001f43fb60000, 0x000001f446810000]
CodeHeap 'profiled nmethods': size=120000Kb used=24183Kb max_used=26303Kb free=95816Kb
 bounds [0x000001f437810000, 0x000001f4391d0000, 0x000001f43ed40000]
CodeHeap 'non-nmethods': size=5760Kb used=2391Kb max_used=2463Kb free=3368Kb
 bounds [0x000001f43ed40000, 0x000001f43efb0000, 0x000001f43f2e0000]
 total_blobs=13313 nmethods=12388 adapters=837
 compilation: enabled
              stopped_count=0, restarted_count=0
 full_count=0

Compilation events (20 events):
Event: 109.735 Thread 0x000001f47a39f5a0 nmethod 14723 0x000001f43f518690 code [0x000001f43f518820, 0x000001f43f518bc8]
Event: 109.735 Thread 0x000001f47a39f5a0 14725       4       org.gradle.cache.internal.btree.BTreePersistentIndexedCache$IndexBlock::find (18 bytes)
Event: 109.738 Thread 0x000001f47a39f5a0 nmethod 14725 0x000001f43f54f610 code [0x000001f43f54f7c0, 0x000001f43f54f9b8]
Event: 109.738 Thread 0x000001f47a39f5a0 14727       4       sun.security.provider.DigestBase::implCompressMultiBlockCheck (67 bytes)
Event: 109.740 Thread 0x000001f47a39f5a0 nmethod 14727 0x000001f43f518190 code [0x000001f43f518320, 0x000001f43f518458]
Event: 109.740 Thread 0x000001f47a39f5a0 14726       4       org.gradle.cache.internal.btree.BTreePersistentIndexedCache$IndexBlock::get (38 bytes)
Event: 109.746 Thread 0x000001f47a39f5a0 nmethod 14726 0x000001f43f8a6390 code [0x000001f43f8a6560, 0x000001f43f8a6808]
Event: 109.748 Thread 0x000001f47a39f5a0 14728       4       java.nio.file.attribute.FileTime::from (18 bytes)
Event: 109.750 Thread 0x000001f47a39f5a0 nmethod 14728 0x000001f43f600090 code [0x000001f43f600220, 0x000001f43f6002f8]
Event: 109.750 Thread 0x000001f47a39f5a0 14729   !   4       sun.nio.fs.WindowsFileAttributes::toFileTime (47 bytes)
Event: 109.763 Thread 0x000001f47a39f5a0 nmethod 14729 0x000001f43f54f090 code [0x000001f43f54f220, 0x000001f43f54f388]
Event: 109.763 Thread 0x000001f47a39f5a0 14730       4       sun.nio.fs.WindowsFileAttributes::lastModifiedTime (8 bytes)
Event: 109.766 Thread 0x000001f47a39f5a0 nmethod 14730 0x000001f43f8cf290 code [0x000001f43f8cf420, 0x000001f43f8cf5a8]
Event: 109.771 Thread 0x000001f47a39f5a0 14731       4       java.util.concurrent.TimeUnit::convert (77 bytes)
Event: 109.774 Thread 0x000001f47a39f5a0 nmethod 14731 0x000001f43f8ceb10 code [0x000001f43f8ceca0, 0x000001f43f8ceef8]
Event: 109.780 Thread 0x000001f47a39f5a0 14732       4       com.google.common.cache.LocalCache$LocalManualCache::get (23 bytes)
Event: 109.782 Thread 0x000001f47a39f5a0 nmethod 14732 0x000001f43f739a90 code [0x000001f43f739c20, 0x000001f43f739d68]
Event: 109.792 Thread 0x000001f47a39f5a0 14733       4       org.gradle.cache.internal.DefaultCacheCoordinator$UnitOfWorkFileAccess::readFile (14 bytes)
Event: 109.843 Thread 0x000001f47a39f5a0 nmethod 14733 0x000001f43f586e90 code [0x000001f43f587140, 0x000001f43f5886c0]
Event: 109.843 Thread 0x000001f47a39f5a0 14734       4       org.gradle.cache.internal.DefaultMultiProcessSafeIndexedCache$$Lambda$513/0x000001f44f47f2d8::create (12 bytes)

GC Heap History (20 events):
Event: 78.522 GC heap before
{Heap before GC invocations=53 (full 0):
 garbage-first heap   total 228352K, used 161550K [0x0000000080000000, 0x0000000100000000)
  region size 1024K, 75 young (76800K), 3 survivors (3072K)
 Metaspace       used 80926K, committed 81664K, reserved 557056K
  class space    used 11298K, committed 11648K, reserved 425984K
}
Event: 78.531 GC heap after
{Heap after GC invocations=54 (full 0):
 garbage-first heap   total 228352K, used 91075K [0x0000000080000000, 0x0000000100000000)
  region size 1024K, 6 young (6144K), 6 survivors (6144K)
 Metaspace       used 80926K, committed 81664K, reserved 557056K
  class space    used 11298K, committed 11648K, reserved 425984K
}
Event: 81.742 GC heap before
{Heap before GC invocations=54 (full 0):
 garbage-first heap   total 228352K, used 167875K [0x0000000080000000, 0x0000000100000000)
  region size 1024K, 81 young (82944K), 6 survivors (6144K)
 Metaspace       used 85885K, committed 86720K, reserved 557056K
  class space    used 12115K, committed 12480K, reserved 425984K
}
Event: 81.760 GC heap after
{Heap after GC invocations=55 (full 0):
 garbage-first heap   total 228352K, used 96039K [0x0000000080000000, 0x0000000100000000)
  region size 1024K, 11 young (11264K), 11 survivors (11264K)
 Metaspace       used 85885K, committed 86720K, reserved 557056K
  class space    used 12115K, committed 12480K, reserved 425984K
}
Event: 86.823 GC heap before
{Heap before GC invocations=55 (full 0):
 garbage-first heap   total 228352K, used 177959K [0x0000000080000000, 0x0000000100000000)
  region size 1024K, 86 young (88064K), 11 survivors (11264K)
 Metaspace       used 87529K, committed 88384K, reserved 557056K
  class space    used 12331K, committed 12736K, reserved 425984K
}
Event: 86.853 GC heap after
{Heap after GC invocations=56 (full 0):
 garbage-first heap   total 228352K, used 117038K [0x0000000080000000, 0x0000000100000000)
  region size 1024K, 11 young (11264K), 11 survivors (11264K)
 Metaspace       used 87529K, committed 88384K, reserved 557056K
  class space    used 12331K, committed 12736K, reserved 425984K
}
Event: 90.976 GC heap before
{Heap before GC invocations=56 (full 0):
 garbage-first heap   total 228352K, used 175406K [0x0000000080000000, 0x0000000100000000)
  region size 1024K, 67 young (68608K), 11 survivors (11264K)
 Metaspace       used 88587K, committed 89536K, reserved 557056K
  class space    used 12453K, committed 12864K, reserved 425984K
}
Event: 91.002 GC heap after
{Heap after GC invocations=57 (full 0):
 garbage-first heap   total 228352K, used 132278K [0x0000000080000000, 0x0000000100000000)
  region size 1024K, 9 young (9216K), 9 survivors (9216K)
 Metaspace       used 88587K, committed 89536K, reserved 557056K
  class space    used 12453K, committed 12864K, reserved 425984K
}
Event: 93.557 GC heap before
{Heap before GC invocations=57 (full 0):
 garbage-first heap   total 228352K, used 178358K [0x0000000080000000, 0x0000000100000000)
  region size 1024K, 54 young (55296K), 9 survivors (9216K)
 Metaspace       used 92135K, committed 93056K, reserved 557056K
  class space    used 12992K, committed 13440K, reserved 425984K
}
Event: 93.581 GC heap after
{Heap after GC invocations=58 (full 0):
 garbage-first heap   total 228352K, used 136101K [0x0000000080000000, 0x0000000100000000)
  region size 1024K, 3 young (3072K), 3 survivors (3072K)
 Metaspace       used 92135K, committed 93056K, reserved 557056K
  class space    used 12992K, committed 13440K, reserved 425984K
}
Event: 100.741 GC heap before
{Heap before GC invocations=58 (full 0):
 garbage-first heap   total 228352K, used 182181K [0x0000000080000000, 0x0000000100000000)
  region size 1024K, 48 young (49152K), 3 survivors (3072K)
 Metaspace       used 95384K, committed 96384K, reserved 557056K
  class space    used 13380K, committed 13824K, reserved 425984K
}
Event: 100.760 GC heap after
{Heap after GC invocations=59 (full 0):
 garbage-first heap   total 228352K, used 139173K [0x0000000080000000, 0x0000000100000000)
  region size 1024K, 6 young (6144K), 6 survivors (6144K)
 Metaspace       used 95384K, committed 96384K, reserved 557056K
  class space    used 13380K, committed 13824K, reserved 425984K
}
Event: 103.943 GC heap before
{Heap before GC invocations=59 (full 0):
 garbage-first heap   total 228352K, used 184229K [0x0000000080000000, 0x0000000100000000)
  region size 1024K, 50 young (51200K), 6 survivors (6144K)
 Metaspace       used 96392K, committed 97344K, reserved 557056K
  class space    used 13490K, committed 13952K, reserved 425984K
}
Event: 103.965 GC heap after
{Heap after GC invocations=60 (full 0):
 garbage-first heap   total 228352K, used 144631K [0x0000000080000000, 0x0000000100000000)
  region size 1024K, 6 young (6144K), 6 survivors (6144K)
 Metaspace       used 96392K, committed 97344K, reserved 557056K
  class space    used 13490K, committed 13952K, reserved 425984K
}
Event: 105.939 GC heap before
{Heap before GC invocations=60 (full 0):
 garbage-first heap   total 228352K, used 186615K [0x0000000080000000, 0x0000000100000000)
  region size 1024K, 47 young (48128K), 6 survivors (6144K)
 Metaspace       used 96964K, committed 97984K, reserved 557056K
  class space    used 13547K, committed 14016K, reserved 425984K
}
Event: 105.961 GC heap after
{Heap after GC invocations=61 (full 0):
 garbage-first heap   total 228352K, used 149174K [0x0000000080000000, 0x0000000100000000)
  region size 1024K, 5 young (5120K), 5 survivors (5120K)
 Metaspace       used 96964K, committed 97984K, reserved 557056K
  class space    used 13547K, committed 14016K, reserved 425984K
}
Event: 107.816 GC heap before
{Heap before GC invocations=61 (full 0):
 garbage-first heap   total 228352K, used 188086K [0x0000000080000000, 0x0000000100000000)
  region size 1024K, 44 young (45056K), 5 survivors (5120K)
 Metaspace       used 97665K, committed 98688K, reserved 557056K
  class space    used 13628K, committed 14144K, reserved 425984K
}
Event: 107.833 GC heap after
{Heap after GC invocations=62 (full 0):
 garbage-first heap   total 228352K, used 151197K [0x0000000080000000, 0x0000000100000000)
  region size 1024K, 3 young (3072K), 3 survivors (3072K)
 Metaspace       used 97665K, committed 98688K, reserved 557056K
  class space    used 13628K, committed 14144K, reserved 425984K
}
Event: 109.751 GC heap before
{Heap before GC invocations=62 (full 0):
 garbage-first heap   total 228352K, used 189085K [0x0000000080000000, 0x0000000100000000)
  region size 1024K, 41 young (41984K), 3 survivors (3072K)
 Metaspace       used 98017K, committed 99008K, reserved 557056K
  class space    used 13682K, committed 14144K, reserved 425984K
}
Event: 109.763 GC heap after
{Heap after GC invocations=63 (full 0):
 garbage-first heap   total 228352K, used 154796K [0x0000000080000000, 0x0000000100000000)
  region size 1024K, 6 young (6144K), 6 survivors (6144K)
 Metaspace       used 98017K, committed 99008K, reserved 557056K
  class space    used 13682K, committed 14144K, reserved 425984K
}

Dll operation events (14 events):
Event: 0.023 Loaded shared library C:\Program Files\Microsoft\jdk-17.0.8.7-hotspot\bin\java.dll
Event: 0.071 Loaded shared library C:\Program Files\Microsoft\jdk-17.0.8.7-hotspot\bin\jsvml.dll
Event: 0.285 Loaded shared library C:\Program Files\Microsoft\jdk-17.0.8.7-hotspot\bin\zip.dll
Event: 0.292 Loaded shared library C:\Program Files\Microsoft\jdk-17.0.8.7-hotspot\bin\instrument.dll
Event: 0.301 Loaded shared library C:\Program Files\Microsoft\jdk-17.0.8.7-hotspot\bin\net.dll
Event: 0.309 Loaded shared library C:\Program Files\Microsoft\jdk-17.0.8.7-hotspot\bin\nio.dll
Event: 0.318 Loaded shared library C:\Program Files\Microsoft\jdk-17.0.8.7-hotspot\bin\zip.dll
Event: 1.560 Loaded shared library C:\Program Files\Microsoft\jdk-17.0.8.7-hotspot\bin\jimage.dll
Event: 1.968 Loaded shared library C:\Program Files\Microsoft\jdk-17.0.8.7-hotspot\bin\verify.dll
Event: 2.880 Loaded shared library C:\Users\WEBDEV\.gradle\native\68d5fa5c4cc2d200863cafc0d521ce42e7d3e7ee720ec0a83991735586a16f82\windows-amd64\native-platform.dll
Event: 2.899 Loaded shared library C:\Users\WEBDEV\.gradle\native\e376f236ea51e6404a007f0833ffe2c6e607c4080706a723a18a27aeea778392\windows-amd64\native-platform-file-events.dll
Event: 7.643 Loaded shared library C:\Program Files\Microsoft\jdk-17.0.8.7-hotspot\bin\management.dll
Event: 7.647 Loaded shared library C:\Program Files\Microsoft\jdk-17.0.8.7-hotspot\bin\management_ext.dll
Event: 10.255 Loaded shared library C:\Program Files\Microsoft\jdk-17.0.8.7-hotspot\bin\sunmscapi.dll

Deoptimization events (20 events):
Event: 108.860 Thread 0x000001f470651d40 Uncommon trap: trap_request=0xffffffc6 fr.pc=0x000001f43fb1fc40 relative=0x00000000000000a0
Event: 108.860 Thread 0x000001f470651d40 Uncommon trap: reason=bimorphic_or_optimized_type_check action=maybe_recompile pc=0x000001f43fb1fc40 method=org.gradle.execution.plan.ActionNode.hasPendingPreExecutionNodes()Z @ 11 c2
Event: 108.860 Thread 0x000001f470651d40 DEOPT PACKING pc=0x000001f43fb1fc40 sp=0x0000007f5a9fd610
Event: 108.860 Thread 0x000001f470651d40 DEOPT UNPACKING pc=0x000001f43ed969a3 sp=0x0000007f5a9fd598 mode 2
Event: 109.063 Thread 0x000001f47064c220 Uncommon trap: trap_request=0xffffffbe fr.pc=0x000001f43fa1d280 relative=0x0000000000000380
Event: 109.063 Thread 0x000001f47064c220 Uncommon trap: reason=profile_predicate action=maybe_recompile pc=0x000001f43fa1d280 method=java.util.Collections.indexedBinarySearch(Ljava/util/List;Ljava/lang/Object;Ljava/util/Comparator;)I @ 15 c2
Event: 109.063 Thread 0x000001f47064c220 DEOPT PACKING pc=0x000001f43fa1d280 sp=0x0000007f5aafa5f0
Event: 109.063 Thread 0x000001f47064c220 DEOPT UNPACKING pc=0x000001f43ed969a3 sp=0x0000007f5aafa598 mode 2
Event: 109.063 Thread 0x000001f47064c220 Uncommon trap: trap_request=0xffffffbe fr.pc=0x000001f43fa1d280 relative=0x0000000000000380
Event: 109.063 Thread 0x000001f47064c220 Uncommon trap: reason=profile_predicate action=maybe_recompile pc=0x000001f43fa1d280 method=java.util.Collections.indexedBinarySearch(Ljava/util/List;Ljava/lang/Object;Ljava/util/Comparator;)I @ 15 c2
Event: 109.063 Thread 0x000001f47064c220 DEOPT PACKING pc=0x000001f43fa1d280 sp=0x0000007f5aafa5f0
Event: 109.063 Thread 0x000001f47064c220 DEOPT UNPACKING pc=0x000001f43ed969a3 sp=0x0000007f5aafa598 mode 2
Event: 109.063 Thread 0x000001f47064c220 Uncommon trap: trap_request=0xffffffbe fr.pc=0x000001f43fa1d280 relative=0x0000000000000380
Event: 109.063 Thread 0x000001f47064c220 Uncommon trap: reason=profile_predicate action=maybe_recompile pc=0x000001f43fa1d280 method=java.util.Collections.indexedBinarySearch(Ljava/util/List;Ljava/lang/Object;Ljava/util/Comparator;)I @ 15 c2
Event: 109.063 Thread 0x000001f47064c220 DEOPT PACKING pc=0x000001f43fa1d280 sp=0x0000007f5aafa5e0
Event: 109.063 Thread 0x000001f47064c220 DEOPT UNPACKING pc=0x000001f43ed969a3 sp=0x0000007f5aafa588 mode 2
Event: 109.063 Thread 0x000001f47064c220 Uncommon trap: trap_request=0xffffffbe fr.pc=0x000001f43fa1d280 relative=0x0000000000000380
Event: 109.063 Thread 0x000001f47064c220 Uncommon trap: reason=profile_predicate action=maybe_recompile pc=0x000001f43fa1d280 method=java.util.Collections.indexedBinarySearch(Ljava/util/List;Ljava/lang/Object;Ljava/util/Comparator;)I @ 15 c2
Event: 109.063 Thread 0x000001f47064c220 DEOPT PACKING pc=0x000001f43fa1d280 sp=0x0000007f5aafa5e0
Event: 109.063 Thread 0x000001f47064c220 DEOPT UNPACKING pc=0x000001f43ed969a3 sp=0x0000007f5aafa588 mode 2

Classes unloaded (0 events):
No events

Classes redefined (0 events):
No events

Internal exceptions (20 events):
Event: 100.765 Thread 0x000001f44d8b1b90 Implicit null exception at 0x000001f43f73947d to 0x000001f43f739a80
Event: 101.817 Thread 0x000001f46f1baa90 Implicit null exception at 0x000001f43f99608a to 0x000001f43f99616a
Event: 102.607 Thread 0x000001f46f1baa90 Exception <a 'java/lang/IncompatibleClassChangeError'{0x000000008c83e6c0}: Found class java.lang.Object, but interface was expected> (0x000000008c83e6c0) 
thrown [s\src\hotspot\share\interpreter\linkResolver.cpp, line 826]
Event: 103.298 Thread 0x000001f46f1baa90 Exception <a 'sun/nio/fs/WindowsException'{0x000000008c0983f0}> (0x000000008c0983f0) 
thrown [s\src\hotspot\share\prims\jni.cpp, line 516]
Event: 103.299 Thread 0x000001f46f1baa90 Exception <a 'sun/nio/fs/WindowsException'{0x000000008c099a40}> (0x000000008c099a40) 
thrown [s\src\hotspot\share\prims\jni.cpp, line 516]
Event: 103.299 Thread 0x000001f46f1baa90 Exception <a 'sun/nio/fs/WindowsException'{0x000000008c09b0e0}> (0x000000008c09b0e0) 
thrown [s\src\hotspot\share\prims\jni.cpp, line 516]
Event: 103.299 Thread 0x000001f46f1baa90 Exception <a 'sun/nio/fs/WindowsException'{0x000000008c09c780}> (0x000000008c09c780) 
thrown [s\src\hotspot\share\prims\jni.cpp, line 516]
Event: 106.168 Thread 0x000001f470651d40 Exception <a 'java/lang/NoSuchMethodError'{0x000000008dd85b00}: 'void java.lang.invoke.DirectMethodHandle$Holder.invokeStatic(java.lang.Object, java.lang.Object, java.lang.Object, java.lang.Object, int, java.lang.Object, java.lang.Object)'> (0x000000008dd85b00) 
thrown [s\src\hotspot\share\interpreter\linkResolver.cpp, line 759]
Event: 106.228 Thread 0x000001f46dd6b3c0 Exception <a 'java/lang/NoSuchMethodError'{0x000000008dc8cab8}: 'java.lang.Object java.lang.invoke.DirectMethodHandle$Holder.invokeSpecialIFC(java.lang.Object, java.lang.Object, java.lang.Object)'> (0x000000008dc8cab8) 
thrown [s\src\hotspot\share\interpreter\linkResolver.cpp, line 759]
Event: 106.228 Thread 0x000001f470651d40 Exception <a 'java/lang/NoSuchMethodError'{0x000000008dcfbee0}: 'java.lang.Object java.lang.invoke.DirectMethodHandle$Holder.invokeSpecialIFC(java.lang.Object, java.lang.Object, java.lang.Object)'> (0x000000008dcfbee0) 
thrown [s\src\hotspot\share\interpreter\linkResolver.cpp, line 759]
Event: 106.228 Thread 0x000001f46dd71900 Exception <a 'java/lang/NoSuchMethodError'{0x000000008dc7e5a8}: 'java.lang.Object java.lang.invoke.DirectMethodHandle$Holder.invokeSpecialIFC(java.lang.Object, java.lang.Object, java.lang.Object)'> (0x000000008dc7e5a8) 
thrown [s\src\hotspot\share\interpreter\linkResolver.cpp, line 759]
Event: 106.229 Thread 0x000001f46dd72d40 Exception <a 'java/lang/NoSuchMethodError'{0x000000008dca3bd0}: 'java.lang.Object java.lang.invoke.DirectMethodHandle$Holder.invokeSpecialIFC(java.lang.Object, java.lang.Object, java.lang.Object)'> (0x000000008dca3bd0) 
thrown [s\src\hotspot\share\interpreter\linkResolver.cpp, line 759]
Event: 106.839 Thread 0x000001f46dd72d40 Exception <a 'java/lang/NoSuchMethodError'{0x000000008d13a5a0}: 'void java.lang.invoke.DirectMethodHandle$Holder.invokeVirtual(java.lang.Object, java.lang.Object)'> (0x000000008d13a5a0) 
thrown [s\src\hotspot\share\interpreter\linkResolver.cpp, line 759]
Event: 108.691 Thread 0x000001f470651d40 Exception <a 'java/lang/ClassNotFoundException'{0x000000008d45dec8}: groovy/util/FileTreeBuilderBeanInfo> (0x000000008d45dec8) 
thrown [s\src\hotspot\share\classfile\systemDictionary.cpp, line 256]
Event: 108.693 Thread 0x000001f470651d40 Exception <a 'java/lang/ClassNotFoundException'{0x000000008d4c04a8}: groovy/util/FileTreeBuilderCustomizer> (0x000000008d4c04a8) 
thrown [s\src\hotspot\share\classfile\systemDictionary.cpp, line 256]
Event: 108.721 Thread 0x000001f470651d40 Exception <a 'java/lang/ClassNotFoundException'{0x000000008d306770}: java/io/BufferedWriterBeanInfo> (0x000000008d306770) 
thrown [s\src\hotspot\share\classfile\systemDictionary.cpp, line 256]
Event: 108.722 Thread 0x000001f470651d40 Exception <a 'java/lang/ClassNotFoundException'{0x000000008d30c8f8}: java/io/WriterBeanInfo> (0x000000008d30c8f8) 
thrown [s\src\hotspot\share\classfile\systemDictionary.cpp, line 256]
Event: 108.723 Thread 0x000001f470651d40 Exception <a 'java/lang/ClassNotFoundException'{0x000000008d312aa0}: java/io/WriterCustomizer> (0x000000008d312aa0) 
thrown [s\src\hotspot\share\classfile\systemDictionary.cpp, line 256]
Event: 108.724 Thread 0x000001f470651d40 Exception <a 'java/lang/ClassNotFoundException'{0x000000008d321b58}: java/io/BufferedWriterCustomizer> (0x000000008d321b58) 
thrown [s\src\hotspot\share\classfile\systemDictionary.cpp, line 256]
Event: 108.805 Thread 0x000001f470651d40 Exception <a 'java/lang/NoSuchMethodError'{0x000000008d3d1420}: static Lcom/android/build/api/variant/BuildConfigField;.<clinit>()V> (0x000000008d3d1420) 
thrown [s\src\hotspot\share\prims\jni.cpp, line 1107]

VM Operations (20 events):
Event: 107.785 Executing VM operation: ICBufferFull
Event: 107.804 Executing VM operation: ICBufferFull done
Event: 107.816 Executing VM operation: G1CollectForAllocation
Event: 107.838 Executing VM operation: G1CollectForAllocation done
Event: 108.573 Executing VM operation: HandshakeAllThreads
Event: 108.609 Executing VM operation: HandshakeAllThreads done
Event: 108.631 Executing VM operation: ICBufferFull
Event: 108.631 Executing VM operation: ICBufferFull done
Event: 108.700 Executing VM operation: HandshakeAllThreads
Event: 108.701 Executing VM operation: HandshakeAllThreads done
Event: 108.701 Executing VM operation: HandshakeAllThreads
Event: 108.701 Executing VM operation: HandshakeAllThreads done
Event: 108.704 Executing VM operation: HandshakeAllThreads
Event: 108.704 Executing VM operation: HandshakeAllThreads done
Event: 108.743 Executing VM operation: HandshakeAllThreads
Event: 108.743 Executing VM operation: HandshakeAllThreads done
Event: 108.905 Executing VM operation: ICBufferFull
Event: 108.906 Executing VM operation: ICBufferFull done
Event: 109.751 Executing VM operation: G1CollectForAllocation
Event: 109.763 Executing VM operation: G1CollectForAllocation done

Events (20 events):
Event: 108.793 Thread 0x000001f44d93da50 flushing nmethod 0x000001f439029710
Event: 108.793 Thread 0x000001f44d93da50 flushing nmethod 0x000001f439029e90
Event: 108.793 Thread 0x000001f44d93da50 flushing nmethod 0x000001f43902a310
Event: 108.793 Thread 0x000001f44d93da50 flushing nmethod 0x000001f43902b690
Event: 108.793 Thread 0x000001f44d93da50 flushing nmethod 0x000001f43902bc90
Event: 108.793 Thread 0x000001f44d93da50 flushing nmethod 0x000001f43902c010
Event: 108.793 Thread 0x000001f44d93da50 flushing nmethod 0x000001f43902c510
Event: 108.793 Thread 0x000001f44d93da50 flushing nmethod 0x000001f43902d510
Event: 108.793 Thread 0x000001f44d93da50 flushing nmethod 0x000001f43902dd10
Event: 108.793 Thread 0x000001f44d93da50 flushing nmethod 0x000001f43902e910
Event: 108.793 Thread 0x000001f44d93da50 flushing nmethod 0x000001f439032890
Event: 108.793 Thread 0x000001f44d93da50 flushing nmethod 0x000001f439034390
Event: 108.793 Thread 0x000001f44d93da50 flushing nmethod 0x000001f439034d10
Event: 108.793 Thread 0x000001f44d93da50 flushing nmethod 0x000001f43903ff10
Event: 108.793 Thread 0x000001f44d93da50 flushing nmethod 0x000001f439046190
Event: 108.793 Thread 0x000001f44d93da50 flushing nmethod 0x000001f439054d10
Event: 108.793 Thread 0x000001f44d93da50 flushing nmethod 0x000001f4390d5190
Event: 108.794 Thread 0x000001f44d93da50 flushing nmethod 0x000001f439104a10
Event: 108.794 Thread 0x000001f44d93da50 flushing nmethod 0x000001f43911b290
Event: 108.794 Thread 0x000001f44d93da50 flushing nmethod 0x000001f43911df10


Dynamic libraries:
0x00007ff76fdc0000 - 0x00007ff76fdce000 	C:\Program Files\Microsoft\jdk-17.0.8.7-hotspot\bin\java.exe
0x00007ffd03f90000 - 0x00007ffd04188000 	C:\Windows\SYSTEM32\ntdll.dll
0x00007ffd02fc0000 - 0x00007ffd0307d000 	C:\Windows\System32\KERNEL32.DLL
0x00007ffd019e0000 - 0x00007ffd01cd6000 	C:\Windows\System32\KERNELBASE.dll
0x00007ffd016f0000 - 0x00007ffd017f0000 	C:\Windows\System32\ucrtbase.dll
0x00007ffcf9b70000 - 0x00007ffcf9b87000 	C:\Program Files\Microsoft\jdk-17.0.8.7-hotspot\bin\jli.dll
0x00007ffd02c70000 - 0x00007ffd02e0e000 	C:\Windows\System32\USER32.dll
0x00007ffd01670000 - 0x00007ffd01692000 	C:\Windows\System32\win32u.dll
0x00007ffd02f30000 - 0x00007ffd02f5c000 	C:\Windows\System32\GDI32.dll
0x00007ffd01ed0000 - 0x00007ffd01fea000 	C:\Windows\System32\gdi32full.dll
0x00007ffcf9b90000 - 0x00007ffcf9bab000 	C:\Program Files\Microsoft\jdk-17.0.8.7-hotspot\bin\VCRUNTIME140.dll
0x00007ffd01940000 - 0x00007ffd019dd000 	C:\Windows\System32\msvcp_win.dll
0x00007ffce02d0000 - 0x00007ffce056a000 	C:\Windows\WinSxS\amd64_microsoft.windows.common-controls_6595b64144ccf1df_6.0.19041.3636_none_60b6a03d71f818d5\COMCTL32.dll
0x00007ffd02ba0000 - 0x00007ffd02c3e000 	C:\Windows\System32\msvcrt.dll
0x00007ffd02c40000 - 0x00007ffd02c70000 	C:\Windows\System32\IMM32.DLL
0x00007ffcf9b60000 - 0x00007ffcf9b6c000 	C:\Program Files\Microsoft\jdk-17.0.8.7-hotspot\bin\vcruntime140_1.dll
0x00007ffcabf90000 - 0x00007ffcac01d000 	C:\Program Files\Microsoft\jdk-17.0.8.7-hotspot\bin\msvcp140.dll
0x00007ffc6a390000 - 0x00007ffc6aff5000 	C:\Program Files\Microsoft\jdk-17.0.8.7-hotspot\bin\server\jvm.dll
0x00007ffd02e10000 - 0x00007ffd02ebf000 	C:\Windows\System32\ADVAPI32.dll
0x00007ffd031e0000 - 0x00007ffd0327c000 	C:\Windows\System32\sechost.dll
0x00007ffd02a70000 - 0x00007ffd02b96000 	C:\Windows\System32\RPCRT4.dll
0x00007ffd00b90000 - 0x00007ffd00bdb000 	C:\Windows\SYSTEM32\POWRPROF.dll
0x00007ffcf9b50000 - 0x00007ffcf9b59000 	C:\Windows\SYSTEM32\WSOCK32.dll
0x00007ffd02ec0000 - 0x00007ffd02f2b000 	C:\Windows\System32\WS2_32.dll
0x00007ffcf2940000 - 0x00007ffcf2967000 	C:\Windows\SYSTEM32\WINMM.dll
0x00007ffcf4860000 - 0x00007ffcf486a000 	C:\Windows\SYSTEM32\VERSION.dll
0x00007ffd00a50000 - 0x00007ffd00a62000 	C:\Windows\SYSTEM32\UMPDC.dll
0x00007ffcffed0000 - 0x00007ffcffee2000 	C:\Windows\SYSTEM32\kernel.appcore.dll
0x00007ffcf9b40000 - 0x00007ffcf9b4a000 	C:\Program Files\Microsoft\jdk-17.0.8.7-hotspot\bin\jimage.dll
0x00007ffcdaef0000 - 0x00007ffcdb0d4000 	C:\Windows\SYSTEM32\DBGHELP.DLL
0x00007ffcdaeb0000 - 0x00007ffcdaee4000 	C:\Windows\SYSTEM32\dbgcore.DLL
0x00007ffd01ce0000 - 0x00007ffd01d62000 	C:\Windows\System32\bcryptPrimitives.dll
0x00007ffcf2920000 - 0x00007ffcf292e000 	C:\Program Files\Microsoft\jdk-17.0.8.7-hotspot\bin\instrument.dll
0x00007ffcd39f0000 - 0x00007ffcd3a15000 	C:\Program Files\Microsoft\jdk-17.0.8.7-hotspot\bin\java.dll
0x00007ffc88dc0000 - 0x00007ffc88e97000 	C:\Program Files\Microsoft\jdk-17.0.8.7-hotspot\bin\jsvml.dll
0x00007ffd03360000 - 0x00007ffd03aa5000 	C:\Windows\System32\SHELL32.dll
0x00007ffcff280000 - 0x00007ffcffa1b000 	C:\Windows\SYSTEM32\windows.storage.dll
0x00007ffd03ac0000 - 0x00007ffd03e14000 	C:\Windows\System32\combase.dll
0x00007ffd00fd0000 - 0x00007ffd00ffd000 	C:\Windows\SYSTEM32\Wldp.dll
0x00007ffd03130000 - 0x00007ffd031dd000 	C:\Windows\System32\SHCORE.dll
0x00007ffd024c0000 - 0x00007ffd02515000 	C:\Windows\System32\shlwapi.dll
0x00007ffd015a0000 - 0x00007ffd015c5000 	C:\Windows\SYSTEM32\profapi.dll
0x00007ffcd3790000 - 0x00007ffcd37a8000 	C:\Program Files\Microsoft\jdk-17.0.8.7-hotspot\bin\zip.dll
0x00007ffcd39d0000 - 0x00007ffcd39e9000 	C:\Program Files\Microsoft\jdk-17.0.8.7-hotspot\bin\net.dll
0x00007ffcf8960000 - 0x00007ffcf8a6a000 	C:\Windows\SYSTEM32\WINHTTP.dll
0x00007ffd00db0000 - 0x00007ffd00e1a000 	C:\Windows\system32\mswsock.dll
0x00007ffcd37b0000 - 0x00007ffcd37c6000 	C:\Program Files\Microsoft\jdk-17.0.8.7-hotspot\bin\nio.dll
0x00007ffcf9b30000 - 0x00007ffcf9b40000 	C:\Program Files\Microsoft\jdk-17.0.8.7-hotspot\bin\verify.dll
0x00007ffcca2f0000 - 0x00007ffcca317000 	C:\Users\WEBDEV\.gradle\native\68d5fa5c4cc2d200863cafc0d521ce42e7d3e7ee720ec0a83991735586a16f82\windows-amd64\native-platform.dll
0x00007ffc6a240000 - 0x00007ffc6a384000 	C:\Users\WEBDEV\.gradle\native\e376f236ea51e6404a007f0833ffe2c6e607c4080706a723a18a27aeea778392\windows-amd64\native-platform-file-events.dll
0x00007ffcf9920000 - 0x00007ffcf9929000 	C:\Program Files\Microsoft\jdk-17.0.8.7-hotspot\bin\management.dll
0x00007ffcf2bf0000 - 0x00007ffcf2bfb000 	C:\Program Files\Microsoft\jdk-17.0.8.7-hotspot\bin\management_ext.dll
0x00007ffd03e30000 - 0x00007ffd03e38000 	C:\Windows\System32\PSAPI.DLL
0x00007ffd01310000 - 0x00007ffd01328000 	C:\Windows\SYSTEM32\CRYPTSP.dll
0x00007ffd00690000 - 0x00007ffd006c4000 	C:\Windows\system32\rsaenh.dll
0x00007ffd01910000 - 0x00007ffd01937000 	C:\Windows\System32\bcrypt.dll
0x00007ffd01560000 - 0x00007ffd0158e000 	C:\Windows\SYSTEM32\USERENV.dll
0x00007ffd00f40000 - 0x00007ffd00f4c000 	C:\Windows\SYSTEM32\CRYPTBASE.dll
0x00007ffd00a70000 - 0x00007ffd00aab000 	C:\Windows\SYSTEM32\IPHLPAPI.DLL
0x00007ffd03e20000 - 0x00007ffd03e28000 	C:\Windows\System32\NSI.dll
0x00007ffcfa2b0000 - 0x00007ffcfa2c7000 	C:\Windows\SYSTEM32\dhcpcsvc6.DLL
0x00007ffcfa270000 - 0x00007ffcfa28d000 	C:\Windows\SYSTEM32\dhcpcsvc.DLL
0x00007ffd00ac0000 - 0x00007ffd00b8a000 	C:\Windows\SYSTEM32\DNSAPI.dll
0x00007ffcd81c0000 - 0x00007ffcd81ce000 	C:\Program Files\Microsoft\jdk-17.0.8.7-hotspot\bin\sunmscapi.dll
0x00007ffd01d70000 - 0x00007ffd01ecd000 	C:\Windows\System32\CRYPT32.dll
0x00007ffd01040000 - 0x00007ffd01067000 	C:\Windows\SYSTEM32\ncrypt.dll
0x00007ffd01000000 - 0x00007ffd0103b000 	C:\Windows\SYSTEM32\NTASN1.dll
0x00007ffcd5550000 - 0x00007ffcd5557000 	C:\Windows\system32\wshunix.dll
0x00007ffc97fa0000 - 0x00007ffc97fb7000 	C:\Windows\system32\napinsp.dll
0x00007ffcb1da0000 - 0x00007ffcb1dbb000 	C:\Windows\system32\pnrpnsp.dll
0x00007ffccae30000 - 0x00007ffccae45000 	C:\Windows\system32\wshbth.dll
0x00007ffcfc510000 - 0x00007ffcfc52d000 	C:\Windows\system32\NLAapi.dll
0x00007ffcb1e40000 - 0x00007ffcb1e52000 	C:\Windows\System32\winrnr.dll
0x00007ffcf5080000 - 0x00007ffcf508a000 	C:\Windows\System32\rasadhlp.dll
0x00007ffcf8680000 - 0x00007ffcf8700000 	C:\Windows\System32\fwpuclnt.dll

dbghelp: loaded successfully - version: 4.0.5 - missing functions: none
symbol engine: initialized successfully - sym options: 0x614 - pdb path: .;C:\Program Files\Microsoft\jdk-17.0.8.7-hotspot\bin;C:\Windows\SYSTEM32;C:\Windows\WinSxS\amd64_microsoft.windows.common-controls_6595b64144ccf1df_6.0.19041.3636_none_60b6a03d71f818d5;C:\Program Files\Microsoft\jdk-17.0.8.7-hotspot\bin\server;C:\Users\WEBDEV\.gradle\native\68d5fa5c4cc2d200863cafc0d521ce42e7d3e7ee720ec0a83991735586a16f82\windows-amd64;C:\Users\WEBDEV\.gradle\native\e376f236ea51e6404a007f0833ffe2c6e607c4080706a723a18a27aeea778392\windows-amd64

VM Arguments:
jvm_args: -XX:MaxMetaspaceSize=512m --add-opens=java.base/java.util=ALL-UNNAMED --add-opens=java.base/java.lang=ALL-UNNAMED --add-opens=java.base/java.lang.invoke=ALL-UNNAMED --add-opens=java.prefs/java.util.prefs=ALL-UNNAMED --add-opens=java.base/java.nio.charset=ALL-UNNAMED --add-opens=java.base/java.net=ALL-UNNAMED --add-opens=java.base/java.util.concurrent.atomic=ALL-UNNAMED -Xmx2048m -Dfile.encoding=windows-1252 -Duser.country=US -Duser.language=en -Duser.variant -javaagent:C:\Users\WEBDEV\.gradle\wrapper\dists\gradle-8.3-all\6en3ugtfdg5xnpx44z4qbwgas\gradle-8.3\lib\agents\gradle-instrumentation-agent-8.3.jar 
java_command: org.gradle.launcher.daemon.bootstrap.GradleDaemon 8.3
java_class_path (initial): C:\Users\WEBDEV\.gradle\wrapper\dists\gradle-8.3-all\6en3ugtfdg5xnpx44z4qbwgas\gradle-8.3\lib\gradle-launcher-8.3.jar
Launcher Type: SUN_STANDARD

[Global flags]
     intx CICompilerCount                          = 3                                         {product} {ergonomic}
   size_t CompressedClassSpaceSize                 = 436207616                                 {product} {ergonomic}
     uint ConcGCThreads                            = 1                                         {product} {ergonomic}
     uint G1ConcRefinementThreads                  = 4                                         {product} {ergonomic}
   size_t G1HeapRegionSize                         = 1048576                                   {product} {ergonomic}
    uintx GCDrainStackTargetSize                   = 64                                        {product} {ergonomic}
   size_t InitialHeapSize                          = 130023424                                 {product} {ergonomic}
   size_t MarkStackSize                            = 4194304                                   {product} {ergonomic}
   size_t MaxHeapSize                              = 2147483648                                {product} {command line}
   size_t MaxMetaspaceSize                         = 536870912                                 {product} {command line}
   size_t MaxNewSize                               = 1287651328                                {product} {ergonomic}
   size_t MinHeapDeltaBytes                        = 1048576                                   {product} {ergonomic}
   size_t MinHeapSize                              = 8388608                                   {product} {ergonomic}
    uintx NonNMethodCodeHeapSize                   = 5832780                                {pd product} {ergonomic}
    uintx NonProfiledCodeHeapSize                  = 122912730                              {pd product} {ergonomic}
    uintx ProfiledCodeHeapSize                     = 122912730                              {pd product} {ergonomic}
    uintx ReservedCodeCacheSize                    = 251658240                              {pd product} {ergonomic}
     bool SegmentedCodeCache                       = true                                      {product} {ergonomic}
   size_t SoftMaxHeapSize                          = 2147483648                             {manageable} {ergonomic}
     bool UseCompressedClassPointers               = true                           {product lp64_product} {ergonomic}
     bool UseCompressedOops                        = true                           {product lp64_product} {ergonomic}
     bool UseG1GC                                  = true                                      {product} {ergonomic}
     bool UseLargePagesIndividualAllocation        = false                                  {pd product} {ergonomic}

Logging:
Log output configuration:
 #0: stdout all=warning uptime,level,tags
 #1: stderr all=off uptime,level,tags

Environment Variables:
JAVA_HOME=C:\Program Files\Microsoft\jdk-17.0.8.7-hotspot
CLASSPATH=C:\xampp\htdocs\CV_WORLD_APP\cv_world\android\\gradle\wrapper\gradle-wrapper.jar
PATH=C:\xampp\htdocs\CV_WORLD_APP\CV_WORLD\node_modules\.bin;C:\xampp\htdocs\CV_WORLD_APP\CV_WORLD\node_modules\.bin;C:\xampp\htdocs\CV_WORLD_APP\node_modules\.bin;C:\xampp\htdocs\node_modules\.bin;C:\xampp\node_modules\.bin;C:\node_modules\.bin;C:\Program Files\nodejs\node_modules\npm\node_modules\@npmcli\run-script\lib\node-gyp-bin;C:\xampp\htdocs\CV_WORLD_APP\CV_WORLD\node_modules\.bin;C:\xampp\htdocs\CV_WORLD_APP\CV_WORLD\node_modules\.bin;C:\xampp\htdocs\CV_WORLD_APP\node_modules\.bin;C:\xampp\htdocs\node_modules\.bin;C:\xampp\node_modules\.bin;C:\node_modules\.bin;C:\Program Files\nodejs\node_modules\npm\node_modules\@npmcli\run-script\lib\node-gyp-bin;C:\Users\WEBDEV\bin;C:\Program Files\Git\mingw64\bin;C:\Program Files\Git\usr\local\bin;C:\Program Files\Git\usr\bin;C:\Program Files\Git\usr\bin;C:\Program Files\Git\mingw64\bin;C:\Program Files\Git\usr\bin;C:\Users\WEBDEV\bin;C:\Program Files\Common Files\Oracle\Java\javapath;C:\Program Files\Microsoft\jdk-17.0.8.7-hotspot\bin;C:\Windows\system32;C:\Windows;C:\Windows\System32\Wbem;C:\Windows\System32\WindowsPowerShell\v1.0;C:\Windows\System32\OpenSSH;C:\Program Files\Microsoft SQL Server\150\Tools\Binn;C:\Program Files\Microsoft SQL Server\Client SDK\ODBC\170\Tools\Binn;C:\Program Files\dotnet;C:\Program Files\Git\cmd;C:\Users\webdev-dev\AppData\Roaming\nvm;C:\Program Files\nodejs;C:\Program Files (x86)\Yarn\bin;C:\Program Files\Microsoft SQL Server\Client SDK\ODBC\110\Tools\Binn;C:\Program Files (x86)\Microsoft SQL Server\120\Tools\Binn;C:\Program Files\Microsoft SQL Server\120\Tools\Binn;C:\Program Files\Microsoft SQL Server\120\DTS\Binn;C:\Program Files (x86)\Microsoft SQL Server\120\Tools\Binn\ManagementStudio;C:\Program Files (x86)\Microsoft SQL Server\120\DTS\Binn;C:\Program Files (x86)\Microsoft SQL Server\160\DTS\Binn;C:\Program Files\Azure Data Studio\bin;C:\Program Files\PuTTY;C:\ProgramData\chocolatey\bin;C:\Program Files\nodejs;C:\Users\WEBDEV\AppData\Local\Android\Sdk\platform-tools;C:\Users\WEBDEV\
USERNAME=WEBDEV
SHELL=C:\Program Files\Git\usr\bin\bash.exe
DISPLAY=needs-to-be-defined
LANG=en_US.UTF-8
TERM=xterm-256color
TMPDIR=C:\Users\WEBDEV\AppData\Local\Temp
OS=Windows_NT
PROCESSOR_IDENTIFIER=Intel64 Family 6 Model 61 Stepping 4, GenuineIntel
TMP=C:\Users\WEBDEV\AppData\Local\Temp
TEMP=C:\Users\WEBDEV\AppData\Local\Temp



---------------  S Y S T E M  ---------------

OS:
 Windows 10 , 64 bit Build 19041 (10.0.19041.3636)
OS uptime: 1 days 23:49 hours
Hyper-V role detected

CPU: total 4 (initial active 4) (2 cores per cpu, 2 threads per core) family 6 model 61 stepping 4 microcode 0x2d, cx8, cmov, fxsr, ht, mmx, 3dnowpref, sse, sse2, sse3, ssse3, sse4.1, sse4.2, popcnt, lzcnt, tsc, tscinvbit, avx, avx2, aes, erms, clmul, bmi1, bmi2, rtm, adx, fma, vzeroupper, clflush, hv
Processor Information for all 4 processors :
  Max Mhz: 2601, Current Mhz: 2600, Mhz Limit: 2574

Memory: 4k page, system-wide physical 7872M (484M free)
TotalPageFile size 14912M (AvailPageFile size 4797M)
current process WorkingSet (physical memory assigned to process): 435M, peak: 461M
current process commit charge ("private bytes"): 560M, peak: 564M

vm_info: OpenJDK 64-Bit Server VM (17.0.8+7-LTS) for windows-amd64 JRE (17.0.8+7-LTS), built on Jul  7 2023 17:21:55 by "MicrosoftCorporation" with MS VC++ 16.10 / 16.11 (VS2019)

END.
